{"C:\\Users\\zombo\\Desktop\\Programming\\batchtastic\\src\\BLETransport.js": {"path":"C:\\Users\\zombo\\Desktop\\Programming\\batchtastic\\src\\BLETransport.js","all":false,"statementMap":{"0":{"start":{"line":1,"column":0},"end":{"line":1,"column":3}},"1":{"start":{"line":2,"column":0},"end":{"line":2,"column":31}},"2":{"start":{"line":3,"column":0},"end":{"line":3,"column":56}},"3":{"start":{"line":4,"column":0},"end":{"line":4,"column":3}},"4":{"start":{"line":5,"column":0},"end":{"line":5,"column":78}},"5":{"start":{"line":6,"column":0},"end":{"line":6,"column":67}},"6":{"start":{"line":7,"column":0},"end":{"line":7,"column":69}},"7":{"start":{"line":8,"column":0},"end":{"line":8,"column":67}},"8":{"start":{"line":9,"column":0},"end":{"line":9,"column":0}},"9":{"start":{"line":10,"column":0},"end":{"line":10,"column":27}},"10":{"start":{"line":11,"column":0},"end":{"line":11,"column":19}},"11":{"start":{"line":12,"column":0},"end":{"line":12,"column":27}},"12":{"start":{"line":13,"column":0},"end":{"line":13,"column":27}},"13":{"start":{"line":14,"column":0},"end":{"line":14,"column":28}},"14":{"start":{"line":15,"column":0},"end":{"line":15,"column":28}},"15":{"start":{"line":16,"column":0},"end":{"line":16,"column":30}},"16":{"start":{"line":17,"column":0},"end":{"line":17,"column":28}},"17":{"start":{"line":18,"column":0},"end":{"line":18,"column":31}},"18":{"start":{"line":19,"column":0},"end":{"line":19,"column":5}},"19":{"start":{"line":20,"column":0},"end":{"line":20,"column":0}},"20":{"start":{"line":21,"column":0},"end":{"line":21,"column":21}},"21":{"start":{"line":22,"column":0},"end":{"line":22,"column":35}},"22":{"start":{"line":23,"column":0},"end":{"line":23,"column":80}},"23":{"start":{"line":24,"column":0},"end":{"line":24,"column":9}},"24":{"start":{"line":25,"column":0},"end":{"line":25,"column":0}},"25":{"start":{"line":26,"column":0},"end":{"line":26,"column":63}},"26":{"start":{"line":27,"column":0},"end":{"line":27,"column":63}},"27":{"start":{"line":28,"column":0},"end":{"line":28,"column":55}},"28":{"start":{"line":29,"column":0},"end":{"line":29,"column":11}},"29":{"start":{"line":30,"column":0},"end":{"line":30,"column":0}},"30":{"start":{"line":31,"column":0},"end":{"line":31,"column":70}},"31":{"start":{"line":32,"column":0},"end":{"line":32,"column":35}},"32":{"start":{"line":33,"column":0},"end":{"line":33,"column":51}},"33":{"start":{"line":34,"column":0},"end":{"line":34,"column":11}},"34":{"start":{"line":35,"column":0},"end":{"line":35,"column":0}},"35":{"start":{"line":36,"column":0},"end":{"line":36,"column":55}},"36":{"start":{"line":37,"column":0},"end":{"line":37,"column":84}},"37":{"start":{"line":38,"column":0},"end":{"line":38,"column":8}},"38":{"start":{"line":39,"column":0},"end":{"line":39,"column":74}},"39":{"start":{"line":40,"column":0},"end":{"line":40,"column":78}},"40":{"start":{"line":41,"column":0},"end":{"line":41,"column":74}},"41":{"start":{"line":42,"column":0},"end":{"line":42,"column":0}},"42":{"start":{"line":43,"column":0},"end":{"line":43,"column":30}},"43":{"start":{"line":44,"column":0},"end":{"line":44,"column":0}},"44":{"start":{"line":45,"column":0},"end":{"line":45,"column":16}},"45":{"start":{"line":46,"column":0},"end":{"line":46,"column":55}},"46":{"start":{"line":47,"column":0},"end":{"line":47,"column":30}},"47":{"start":{"line":48,"column":0},"end":{"line":48,"column":10}},"48":{"start":{"line":49,"column":0},"end":{"line":49,"column":5}},"49":{"start":{"line":50,"column":0},"end":{"line":50,"column":0}},"50":{"start":{"line":51,"column":0},"end":{"line":51,"column":24}},"51":{"start":{"line":52,"column":0},"end":{"line":52,"column":56}},"52":{"start":{"line":53,"column":0},"end":{"line":53,"column":42}},"53":{"start":{"line":54,"column":0},"end":{"line":54,"column":9}},"54":{"start":{"line":55,"column":0},"end":{"line":55,"column":31}},"55":{"start":{"line":56,"column":0},"end":{"line":56,"column":5}},"56":{"start":{"line":57,"column":0},"end":{"line":57,"column":0}},"57":{"start":{"line":58,"column":0},"end":{"line":58,"column":23}},"58":{"start":{"line":59,"column":0},"end":{"line":59,"column":60}},"59":{"start":{"line":60,"column":0},"end":{"line":60,"column":44}},"60":{"start":{"line":61,"column":0},"end":{"line":61,"column":5}},"61":{"start":{"line":62,"column":0},"end":{"line":62,"column":0}},"62":{"start":{"line":63,"column":0},"end":{"line":63,"column":18}},"63":{"start":{"line":64,"column":0},"end":{"line":64,"column":62}},"64":{"start":{"line":65,"column":0},"end":{"line":65,"column":55}},"65":{"start":{"line":66,"column":0},"end":{"line":66,"column":44}},"66":{"start":{"line":67,"column":0},"end":{"line":67,"column":5}},"67":{"start":{"line":68,"column":0},"end":{"line":68,"column":0}},"68":{"start":{"line":69,"column":0},"end":{"line":69,"column":40}},"69":{"start":{"line":70,"column":0},"end":{"line":70,"column":60}},"70":{"start":{"line":71,"column":0},"end":{"line":71,"column":48}},"71":{"start":{"line":72,"column":0},"end":{"line":72,"column":80}},"72":{"start":{"line":73,"column":0},"end":{"line":73,"column":64}},"73":{"start":{"line":74,"column":0},"end":{"line":74,"column":11}},"74":{"start":{"line":75,"column":0},"end":{"line":75,"column":5}},"75":{"start":{"line":76,"column":0},"end":{"line":76,"column":1}}},"s":{"0":1,"1":1,"2":1,"3":1,"4":1,"5":1,"6":1,"7":1,"8":1,"9":1,"10":1,"11":0,"12":0,"13":0,"14":0,"15":0,"16":0,"17":0,"18":0,"19":1,"20":1,"21":0,"22":0,"23":0,"24":0,"25":0,"26":0,"27":0,"28":0,"29":0,"30":0,"31":0,"32":0,"33":0,"34":0,"35":0,"36":0,"37":0,"38":0,"39":0,"40":0,"41":0,"42":0,"43":0,"44":0,"45":0,"46":0,"47":0,"48":0,"49":1,"50":1,"51":0,"52":0,"53":0,"54":0,"55":0,"56":1,"57":1,"58":0,"59":0,"60":0,"61":1,"62":1,"63":0,"64":0,"65":0,"66":0,"67":1,"68":1,"69":0,"70":0,"71":0,"72":0,"73":0,"74":0,"75":1},"branchMap":{},"b":{},"fnMap":{"0":{"name":"BLETransport","decl":{"start":{"line":11,"column":4},"end":{"line":19,"column":5}},"loc":{"start":{"line":11,"column":4},"end":{"line":19,"column":5}},"line":11},"1":{"name":"connect","decl":{"start":{"line":21,"column":4},"end":{"line":49,"column":5}},"loc":{"start":{"line":21,"column":4},"end":{"line":49,"column":5}},"line":21},"2":{"name":"disconnect","decl":{"start":{"line":51,"column":4},"end":{"line":56,"column":5}},"loc":{"start":{"line":51,"column":4},"end":{"line":56,"column":5}},"line":51},"3":{"name":"write","decl":{"start":{"line":58,"column":4},"end":{"line":61,"column":5}},"loc":{"start":{"line":58,"column":4},"end":{"line":61,"column":5}},"line":58},"4":{"name":"read","decl":{"start":{"line":63,"column":4},"end":{"line":67,"column":5}},"loc":{"start":{"line":63,"column":4},"end":{"line":67,"column":5}},"line":63},"5":{"name":"startNotifications","decl":{"start":{"line":69,"column":4},"end":{"line":75,"column":5}},"loc":{"start":{"line":69,"column":4},"end":{"line":75,"column":5}},"line":69}},"f":{"0":0,"1":0,"2":0,"3":0,"4":0,"5":0}}
,"C:\\Users\\zombo\\Desktop\\Programming\\batchtastic\\src\\BatchManager.js": {"path":"C:\\Users\\zombo\\Desktop\\Programming\\batchtastic\\src\\BatchManager.js","all":false,"statementMap":{"0":{"start":{"line":1,"column":0},"end":{"line":1,"column":49}},"1":{"start":{"line":2,"column":0},"end":{"line":2,"column":45}},"2":{"start":{"line":3,"column":0},"end":{"line":3,"column":67}},"3":{"start":{"line":4,"column":0},"end":{"line":4,"column":138}},"4":{"start":{"line":5,"column":0},"end":{"line":5,"column":75}},"5":{"start":{"line":6,"column":0},"end":{"line":6,"column":77}},"6":{"start":{"line":7,"column":0},"end":{"line":7,"column":0}},"7":{"start":{"line":8,"column":0},"end":{"line":8,"column":3}},"8":{"start":{"line":9,"column":0},"end":{"line":9,"column":64}},"9":{"start":{"line":10,"column":0},"end":{"line":10,"column":59}},"10":{"start":{"line":11,"column":0},"end":{"line":11,"column":3}},"11":{"start":{"line":12,"column":0},"end":{"line":12,"column":44}},"12":{"start":{"line":13,"column":0},"end":{"line":13,"column":41}},"13":{"start":{"line":14,"column":0},"end":{"line":14,"column":17}},"14":{"start":{"line":15,"column":0},"end":{"line":15,"column":44}},"15":{"start":{"line":16,"column":0},"end":{"line":16,"column":45}},"16":{"start":{"line":17,"column":0},"end":{"line":17,"column":5}},"17":{"start":{"line":18,"column":0},"end":{"line":18,"column":15}},"18":{"start":{"line":19,"column":0},"end":{"line":19,"column":1}},"19":{"start":{"line":20,"column":0},"end":{"line":20,"column":0}},"20":{"start":{"line":21,"column":0},"end":{"line":21,"column":3}},"21":{"start":{"line":22,"column":0},"end":{"line":22,"column":57}},"22":{"start":{"line":23,"column":0},"end":{"line":23,"column":76}},"23":{"start":{"line":24,"column":0},"end":{"line":24,"column":3}},"24":{"start":{"line":25,"column":0},"end":{"line":25,"column":44}},"25":{"start":{"line":26,"column":0},"end":{"line":26,"column":51}},"26":{"start":{"line":27,"column":0},"end":{"line":27,"column":51}},"27":{"start":{"line":28,"column":0},"end":{"line":28,"column":59}},"28":{"start":{"line":29,"column":0},"end":{"line":29,"column":31}},"29":{"start":{"line":30,"column":0},"end":{"line":30,"column":32}},"30":{"start":{"line":31,"column":0},"end":{"line":31,"column":34}},"31":{"start":{"line":32,"column":0},"end":{"line":32,"column":34}},"32":{"start":{"line":33,"column":0},"end":{"line":33,"column":34}},"33":{"start":{"line":34,"column":0},"end":{"line":34,"column":35}},"34":{"start":{"line":35,"column":0},"end":{"line":35,"column":32}},"35":{"start":{"line":36,"column":0},"end":{"line":36,"column":34}},"36":{"start":{"line":37,"column":0},"end":{"line":37,"column":102}},"37":{"start":{"line":38,"column":0},"end":{"line":38,"column":1}},"38":{"start":{"line":39,"column":0},"end":{"line":39,"column":0}},"39":{"start":{"line":40,"column":0},"end":{"line":40,"column":27}},"40":{"start":{"line":41,"column":0},"end":{"line":41,"column":19}},"41":{"start":{"line":42,"column":0},"end":{"line":42,"column":26}},"42":{"start":{"line":43,"column":0},"end":{"line":43,"column":32}},"43":{"start":{"line":44,"column":0},"end":{"line":44,"column":35}},"44":{"start":{"line":45,"column":0},"end":{"line":45,"column":34}},"45":{"start":{"line":46,"column":0},"end":{"line":46,"column":29}},"46":{"start":{"line":47,"column":0},"end":{"line":47,"column":31}},"47":{"start":{"line":48,"column":0},"end":{"line":48,"column":36}},"48":{"start":{"line":49,"column":0},"end":{"line":49,"column":31}},"49":{"start":{"line":50,"column":0},"end":{"line":50,"column":76}},"50":{"start":{"line":51,"column":0},"end":{"line":51,"column":90}},"51":{"start":{"line":52,"column":0},"end":{"line":52,"column":98}},"52":{"start":{"line":53,"column":0},"end":{"line":53,"column":81}},"53":{"start":{"line":54,"column":0},"end":{"line":54,"column":5}},"54":{"start":{"line":55,"column":0},"end":{"line":55,"column":0}},"55":{"start":{"line":56,"column":0},"end":{"line":56,"column":7}},"56":{"start":{"line":57,"column":0},"end":{"line":57,"column":41}},"57":{"start":{"line":58,"column":0},"end":{"line":58,"column":7}},"58":{"start":{"line":59,"column":0},"end":{"line":59,"column":22}},"59":{"start":{"line":60,"column":0},"end":{"line":60,"column":55}},"60":{"start":{"line":61,"column":0},"end":{"line":61,"column":5}},"61":{"start":{"line":62,"column":0},"end":{"line":62,"column":0}},"62":{"start":{"line":63,"column":0},"end":{"line":63,"column":7}},"63":{"start":{"line":64,"column":0},"end":{"line":64,"column":39}},"64":{"start":{"line":65,"column":0},"end":{"line":65,"column":7}},"65":{"start":{"line":66,"column":0},"end":{"line":66,"column":22}},"66":{"start":{"line":67,"column":0},"end":{"line":67,"column":66}},"67":{"start":{"line":68,"column":0},"end":{"line":68,"column":5}},"68":{"start":{"line":69,"column":0},"end":{"line":69,"column":0}},"69":{"start":{"line":70,"column":0},"end":{"line":70,"column":7}},"70":{"start":{"line":71,"column":0},"end":{"line":71,"column":39}},"71":{"start":{"line":72,"column":0},"end":{"line":72,"column":56}},"72":{"start":{"line":73,"column":0},"end":{"line":73,"column":63}},"73":{"start":{"line":74,"column":0},"end":{"line":74,"column":66}},"74":{"start":{"line":75,"column":0},"end":{"line":75,"column":70}},"75":{"start":{"line":76,"column":0},"end":{"line":76,"column":82}},"76":{"start":{"line":77,"column":0},"end":{"line":77,"column":72}},"77":{"start":{"line":78,"column":0},"end":{"line":78,"column":60}},"78":{"start":{"line":79,"column":0},"end":{"line":79,"column":52}},"79":{"start":{"line":80,"column":0},"end":{"line":80,"column":54}},"80":{"start":{"line":81,"column":0},"end":{"line":81,"column":50}},"81":{"start":{"line":82,"column":0},"end":{"line":82,"column":50}},"82":{"start":{"line":83,"column":0},"end":{"line":83,"column":7}},"83":{"start":{"line":84,"column":0},"end":{"line":84,"column":30}},"84":{"start":{"line":85,"column":0},"end":{"line":85,"column":29}},"85":{"start":{"line":86,"column":0},"end":{"line":86,"column":57}},"86":{"start":{"line":87,"column":0},"end":{"line":87,"column":9}},"87":{"start":{"line":88,"column":0},"end":{"line":88,"column":8}},"88":{"start":{"line":89,"column":0},"end":{"line":89,"column":29}},"89":{"start":{"line":90,"column":0},"end":{"line":90,"column":36}},"90":{"start":{"line":91,"column":0},"end":{"line":91,"column":32}},"91":{"start":{"line":92,"column":0},"end":{"line":92,"column":61}},"92":{"start":{"line":93,"column":0},"end":{"line":93,"column":44}},"93":{"start":{"line":94,"column":0},"end":{"line":94,"column":60}},"94":{"start":{"line":95,"column":0},"end":{"line":95,"column":44}},"95":{"start":{"line":96,"column":0},"end":{"line":96,"column":52}},"96":{"start":{"line":97,"column":0},"end":{"line":97,"column":46}},"97":{"start":{"line":98,"column":0},"end":{"line":98,"column":48}},"98":{"start":{"line":99,"column":0},"end":{"line":99,"column":47}},"99":{"start":{"line":100,"column":0},"end":{"line":100,"column":10}},"100":{"start":{"line":101,"column":0},"end":{"line":101,"column":8}},"101":{"start":{"line":102,"column":0},"end":{"line":102,"column":47}},"102":{"start":{"line":103,"column":0},"end":{"line":103,"column":30}},"103":{"start":{"line":104,"column":0},"end":{"line":104,"column":65}},"104":{"start":{"line":105,"column":0},"end":{"line":105,"column":27}},"105":{"start":{"line":106,"column":0},"end":{"line":106,"column":5}},"106":{"start":{"line":107,"column":0},"end":{"line":107,"column":0}},"107":{"start":{"line":108,"column":0},"end":{"line":108,"column":7}},"108":{"start":{"line":109,"column":0},"end":{"line":109,"column":24}},"109":{"start":{"line":110,"column":0},"end":{"line":110,"column":57}},"110":{"start":{"line":111,"column":0},"end":{"line":111,"column":7}},"111":{"start":{"line":112,"column":0},"end":{"line":112,"column":32}},"112":{"start":{"line":113,"column":0},"end":{"line":113,"column":85}},"113":{"start":{"line":114,"column":0},"end":{"line":114,"column":30}},"114":{"start":{"line":115,"column":0},"end":{"line":115,"column":43}},"115":{"start":{"line":116,"column":0},"end":{"line":116,"column":5}},"116":{"start":{"line":117,"column":0},"end":{"line":117,"column":0}},"117":{"start":{"line":118,"column":0},"end":{"line":118,"column":7}},"118":{"start":{"line":119,"column":0},"end":{"line":119,"column":27}},"119":{"start":{"line":120,"column":0},"end":{"line":120,"column":47}},"120":{"start":{"line":121,"column":0},"end":{"line":121,"column":78}},"121":{"start":{"line":122,"column":0},"end":{"line":122,"column":7}},"122":{"start":{"line":123,"column":0},"end":{"line":123,"column":29}},"123":{"start":{"line":124,"column":0},"end":{"line":124,"column":67}},"124":{"start":{"line":125,"column":0},"end":{"line":125,"column":5}},"125":{"start":{"line":126,"column":0},"end":{"line":126,"column":0}},"126":{"start":{"line":127,"column":0},"end":{"line":127,"column":7}},"127":{"start":{"line":128,"column":0},"end":{"line":128,"column":81}},"128":{"start":{"line":129,"column":0},"end":{"line":129,"column":54}},"129":{"start":{"line":130,"column":0},"end":{"line":130,"column":98}},"130":{"start":{"line":131,"column":0},"end":{"line":131,"column":46}},"131":{"start":{"line":132,"column":0},"end":{"line":132,"column":44}},"132":{"start":{"line":133,"column":0},"end":{"line":133,"column":7}},"133":{"start":{"line":134,"column":0},"end":{"line":134,"column":53}},"134":{"start":{"line":135,"column":0},"end":{"line":135,"column":54}},"135":{"start":{"line":136,"column":0},"end":{"line":136,"column":24}},"136":{"start":{"line":137,"column":0},"end":{"line":137,"column":50}},"137":{"start":{"line":138,"column":0},"end":{"line":138,"column":9}},"138":{"start":{"line":139,"column":0},"end":{"line":139,"column":8}},"139":{"start":{"line":140,"column":0},"end":{"line":140,"column":31}},"140":{"start":{"line":141,"column":0},"end":{"line":141,"column":36}},"141":{"start":{"line":142,"column":0},"end":{"line":142,"column":35}},"142":{"start":{"line":143,"column":0},"end":{"line":143,"column":52}},"143":{"start":{"line":144,"column":0},"end":{"line":144,"column":31}},"144":{"start":{"line":145,"column":0},"end":{"line":145,"column":29}},"145":{"start":{"line":146,"column":0},"end":{"line":146,"column":10}},"146":{"start":{"line":147,"column":0},"end":{"line":147,"column":8}},"147":{"start":{"line":148,"column":0},"end":{"line":148,"column":48}},"148":{"start":{"line":149,"column":0},"end":{"line":149,"column":110}},"149":{"start":{"line":150,"column":0},"end":{"line":150,"column":29}},"150":{"start":{"line":151,"column":0},"end":{"line":151,"column":5}},"151":{"start":{"line":152,"column":0},"end":{"line":152,"column":0}},"152":{"start":{"line":153,"column":0},"end":{"line":153,"column":7}},"153":{"start":{"line":154,"column":0},"end":{"line":154,"column":30}},"154":{"start":{"line":155,"column":0},"end":{"line":155,"column":62}},"155":{"start":{"line":156,"column":0},"end":{"line":156,"column":7}},"156":{"start":{"line":157,"column":0},"end":{"line":157,"column":36}},"157":{"start":{"line":158,"column":0},"end":{"line":158,"column":82}},"158":{"start":{"line":159,"column":0},"end":{"line":159,"column":5}},"159":{"start":{"line":160,"column":0},"end":{"line":160,"column":0}},"160":{"start":{"line":161,"column":0},"end":{"line":161,"column":7}},"161":{"start":{"line":162,"column":0},"end":{"line":162,"column":22}},"162":{"start":{"line":163,"column":0},"end":{"line":163,"column":43}},"163":{"start":{"line":164,"column":0},"end":{"line":164,"column":48}},"164":{"start":{"line":165,"column":0},"end":{"line":165,"column":42}},"165":{"start":{"line":166,"column":0},"end":{"line":166,"column":7}},"166":{"start":{"line":167,"column":0},"end":{"line":167,"column":37}},"167":{"start":{"line":168,"column":0},"end":{"line":168,"column":65}},"168":{"start":{"line":169,"column":0},"end":{"line":169,"column":22}},"169":{"start":{"line":170,"column":0},"end":{"line":170,"column":48}},"170":{"start":{"line":171,"column":0},"end":{"line":171,"column":9}},"171":{"start":{"line":172,"column":0},"end":{"line":172,"column":36}},"172":{"start":{"line":173,"column":0},"end":{"line":173,"column":30}},"173":{"start":{"line":174,"column":0},"end":{"line":174,"column":66}},"174":{"start":{"line":175,"column":0},"end":{"line":175,"column":5}},"175":{"start":{"line":176,"column":0},"end":{"line":176,"column":0}},"176":{"start":{"line":177,"column":0},"end":{"line":177,"column":7}},"177":{"start":{"line":178,"column":0},"end":{"line":178,"column":60}},"178":{"start":{"line":179,"column":0},"end":{"line":179,"column":68}},"179":{"start":{"line":180,"column":0},"end":{"line":180,"column":108}},"180":{"start":{"line":181,"column":0},"end":{"line":181,"column":7}},"181":{"start":{"line":182,"column":0},"end":{"line":182,"column":27}},"182":{"start":{"line":183,"column":0},"end":{"line":183,"column":62}},"183":{"start":{"line":184,"column":0},"end":{"line":184,"column":13}},"184":{"start":{"line":185,"column":0},"end":{"line":185,"column":93}},"185":{"start":{"line":186,"column":0},"end":{"line":186,"column":30}},"186":{"start":{"line":187,"column":0},"end":{"line":187,"column":26}},"187":{"start":{"line":188,"column":0},"end":{"line":188,"column":49}},"188":{"start":{"line":189,"column":0},"end":{"line":189,"column":18}},"189":{"start":{"line":190,"column":0},"end":{"line":190,"column":65}},"190":{"start":{"line":191,"column":0},"end":{"line":191,"column":36}},"191":{"start":{"line":192,"column":0},"end":{"line":192,"column":28}},"192":{"start":{"line":193,"column":0},"end":{"line":193,"column":15}},"193":{"start":{"line":194,"column":0},"end":{"line":194,"column":12}},"194":{"start":{"line":195,"column":0},"end":{"line":195,"column":30}},"195":{"start":{"line":196,"column":0},"end":{"line":196,"column":51}},"196":{"start":{"line":197,"column":0},"end":{"line":197,"column":83}},"197":{"start":{"line":198,"column":0},"end":{"line":198,"column":28}},"198":{"start":{"line":199,"column":0},"end":{"line":199,"column":65}},"199":{"start":{"line":200,"column":0},"end":{"line":200,"column":62}},"200":{"start":{"line":201,"column":0},"end":{"line":201,"column":22}},"201":{"start":{"line":202,"column":0},"end":{"line":202,"column":17}},"202":{"start":{"line":203,"column":0},"end":{"line":203,"column":13}},"203":{"start":{"line":204,"column":0},"end":{"line":204,"column":21}},"204":{"start":{"line":205,"column":0},"end":{"line":205,"column":86}},"205":{"start":{"line":206,"column":0},"end":{"line":206,"column":9}},"206":{"start":{"line":207,"column":0},"end":{"line":207,"column":0}},"207":{"start":{"line":208,"column":0},"end":{"line":208,"column":52}},"208":{"start":{"line":209,"column":0},"end":{"line":209,"column":13}},"209":{"start":{"line":210,"column":0},"end":{"line":210,"column":103}},"210":{"start":{"line":211,"column":0},"end":{"line":211,"column":30}},"211":{"start":{"line":212,"column":0},"end":{"line":212,"column":26}},"212":{"start":{"line":213,"column":0},"end":{"line":213,"column":63}},"213":{"start":{"line":214,"column":0},"end":{"line":214,"column":18}},"214":{"start":{"line":215,"column":0},"end":{"line":215,"column":36}},"215":{"start":{"line":216,"column":0},"end":{"line":216,"column":28}},"216":{"start":{"line":217,"column":0},"end":{"line":217,"column":15}},"217":{"start":{"line":218,"column":0},"end":{"line":218,"column":12}},"218":{"start":{"line":219,"column":0},"end":{"line":219,"column":30}},"219":{"start":{"line":220,"column":0},"end":{"line":220,"column":51}},"220":{"start":{"line":221,"column":0},"end":{"line":221,"column":88}},"221":{"start":{"line":222,"column":0},"end":{"line":222,"column":37}},"222":{"start":{"line":223,"column":0},"end":{"line":223,"column":52}},"223":{"start":{"line":224,"column":0},"end":{"line":224,"column":97}},"224":{"start":{"line":225,"column":0},"end":{"line":225,"column":83}},"225":{"start":{"line":226,"column":0},"end":{"line":226,"column":16}},"226":{"start":{"line":227,"column":0},"end":{"line":227,"column":86}},"227":{"start":{"line":228,"column":0},"end":{"line":228,"column":37}},"228":{"start":{"line":229,"column":0},"end":{"line":229,"column":52}},"229":{"start":{"line":230,"column":0},"end":{"line":230,"column":97}},"230":{"start":{"line":231,"column":0},"end":{"line":231,"column":43}},"231":{"start":{"line":232,"column":0},"end":{"line":232,"column":16}},"232":{"start":{"line":233,"column":0},"end":{"line":233,"column":41}},"233":{"start":{"line":234,"column":0},"end":{"line":234,"column":20}},"234":{"start":{"line":235,"column":0},"end":{"line":235,"column":78}},"235":{"start":{"line":236,"column":0},"end":{"line":236,"column":13}},"236":{"start":{"line":237,"column":0},"end":{"line":237,"column":21}},"237":{"start":{"line":238,"column":0},"end":{"line":238,"column":64}},"238":{"start":{"line":239,"column":0},"end":{"line":239,"column":9}},"239":{"start":{"line":240,"column":0},"end":{"line":240,"column":8}},"240":{"start":{"line":241,"column":0},"end":{"line":241,"column":80}},"241":{"start":{"line":242,"column":0},"end":{"line":242,"column":88}},"242":{"start":{"line":243,"column":0},"end":{"line":243,"column":41}},"243":{"start":{"line":244,"column":0},"end":{"line":244,"column":5}},"244":{"start":{"line":245,"column":0},"end":{"line":245,"column":0}},"245":{"start":{"line":246,"column":0},"end":{"line":246,"column":7}},"246":{"start":{"line":247,"column":0},"end":{"line":247,"column":45}},"247":{"start":{"line":248,"column":0},"end":{"line":248,"column":58}},"248":{"start":{"line":249,"column":0},"end":{"line":249,"column":7}},"249":{"start":{"line":250,"column":0},"end":{"line":250,"column":28}},"250":{"start":{"line":251,"column":0},"end":{"line":251,"column":39}},"251":{"start":{"line":252,"column":0},"end":{"line":252,"column":59}},"252":{"start":{"line":253,"column":0},"end":{"line":253,"column":5}},"253":{"start":{"line":254,"column":0},"end":{"line":254,"column":0}},"254":{"start":{"line":255,"column":0},"end":{"line":255,"column":7}},"255":{"start":{"line":256,"column":0},"end":{"line":256,"column":61}},"256":{"start":{"line":257,"column":0},"end":{"line":257,"column":43}},"257":{"start":{"line":258,"column":0},"end":{"line":258,"column":58}},"258":{"start":{"line":259,"column":0},"end":{"line":259,"column":74}},"259":{"start":{"line":260,"column":0},"end":{"line":260,"column":60}},"260":{"start":{"line":261,"column":0},"end":{"line":261,"column":7}},"261":{"start":{"line":262,"column":0},"end":{"line":262,"column":41}},"262":{"start":{"line":263,"column":0},"end":{"line":263,"column":45}},"263":{"start":{"line":264,"column":0},"end":{"line":264,"column":60}},"264":{"start":{"line":265,"column":0},"end":{"line":265,"column":9}},"265":{"start":{"line":266,"column":0},"end":{"line":266,"column":8}},"266":{"start":{"line":267,"column":0},"end":{"line":267,"column":80}},"267":{"start":{"line":268,"column":0},"end":{"line":268,"column":45}},"268":{"start":{"line":269,"column":0},"end":{"line":269,"column":8}},"269":{"start":{"line":270,"column":0},"end":{"line":270,"column":48}},"270":{"start":{"line":271,"column":0},"end":{"line":271,"column":8}},"271":{"start":{"line":272,"column":0},"end":{"line":272,"column":42}},"272":{"start":{"line":273,"column":0},"end":{"line":273,"column":27}},"273":{"start":{"line":274,"column":0},"end":{"line":274,"column":79}},"274":{"start":{"line":275,"column":0},"end":{"line":275,"column":9}},"275":{"start":{"line":276,"column":0},"end":{"line":276,"column":8}},"276":{"start":{"line":277,"column":0},"end":{"line":277,"column":43}},"277":{"start":{"line":278,"column":0},"end":{"line":278,"column":48}},"278":{"start":{"line":279,"column":0},"end":{"line":279,"column":49}},"279":{"start":{"line":280,"column":0},"end":{"line":280,"column":5}},"280":{"start":{"line":281,"column":0},"end":{"line":281,"column":0}},"281":{"start":{"line":282,"column":0},"end":{"line":282,"column":7}},"282":{"start":{"line":283,"column":0},"end":{"line":283,"column":29}},"283":{"start":{"line":284,"column":0},"end":{"line":284,"column":65}},"284":{"start":{"line":285,"column":0},"end":{"line":285,"column":64}},"285":{"start":{"line":286,"column":0},"end":{"line":286,"column":7}},"286":{"start":{"line":287,"column":0},"end":{"line":287,"column":29}},"287":{"start":{"line":288,"column":0},"end":{"line":288,"column":65}},"288":{"start":{"line":289,"column":0},"end":{"line":289,"column":57}},"289":{"start":{"line":290,"column":0},"end":{"line":290,"column":91}},"290":{"start":{"line":291,"column":0},"end":{"line":291,"column":8}},"291":{"start":{"line":292,"column":0},"end":{"line":292,"column":33}},"292":{"start":{"line":293,"column":0},"end":{"line":293,"column":60}},"293":{"start":{"line":294,"column":0},"end":{"line":294,"column":5}},"294":{"start":{"line":295,"column":0},"end":{"line":295,"column":0}},"295":{"start":{"line":296,"column":0},"end":{"line":296,"column":7}},"296":{"start":{"line":297,"column":0},"end":{"line":297,"column":31}},"297":{"start":{"line":298,"column":0},"end":{"line":298,"column":73}},"298":{"start":{"line":299,"column":0},"end":{"line":299,"column":59}},"299":{"start":{"line":300,"column":0},"end":{"line":300,"column":7}},"300":{"start":{"line":301,"column":0},"end":{"line":301,"column":39}},"301":{"start":{"line":302,"column":0},"end":{"line":302,"column":73}},"302":{"start":{"line":303,"column":0},"end":{"line":303,"column":24}},"303":{"start":{"line":304,"column":0},"end":{"line":304,"column":25}},"304":{"start":{"line":305,"column":0},"end":{"line":305,"column":29}},"305":{"start":{"line":306,"column":0},"end":{"line":306,"column":34}},"306":{"start":{"line":307,"column":0},"end":{"line":307,"column":28}},"307":{"start":{"line":308,"column":0},"end":{"line":308,"column":24}},"308":{"start":{"line":309,"column":0},"end":{"line":309,"column":21}},"309":{"start":{"line":310,"column":0},"end":{"line":310,"column":27}},"310":{"start":{"line":311,"column":0},"end":{"line":311,"column":63}},"311":{"start":{"line":312,"column":0},"end":{"line":312,"column":68}},"312":{"start":{"line":313,"column":0},"end":{"line":313,"column":59}},"313":{"start":{"line":314,"column":0},"end":{"line":314,"column":70}},"314":{"start":{"line":315,"column":0},"end":{"line":315,"column":80}},"315":{"start":{"line":316,"column":0},"end":{"line":316,"column":61}},"316":{"start":{"line":317,"column":0},"end":{"line":317,"column":27}},"317":{"start":{"line":318,"column":0},"end":{"line":318,"column":31}},"318":{"start":{"line":319,"column":0},"end":{"line":319,"column":80}},"319":{"start":{"line":320,"column":0},"end":{"line":320,"column":63}},"320":{"start":{"line":321,"column":0},"end":{"line":321,"column":10}},"321":{"start":{"line":322,"column":0},"end":{"line":322,"column":34}},"322":{"start":{"line":323,"column":0},"end":{"line":323,"column":67}},"323":{"start":{"line":324,"column":0},"end":{"line":324,"column":22}},"324":{"start":{"line":325,"column":0},"end":{"line":325,"column":5}},"325":{"start":{"line":326,"column":0},"end":{"line":326,"column":0}},"326":{"start":{"line":327,"column":0},"end":{"line":327,"column":7}},"327":{"start":{"line":328,"column":0},"end":{"line":328,"column":42}},"328":{"start":{"line":329,"column":0},"end":{"line":329,"column":59}},"329":{"start":{"line":330,"column":0},"end":{"line":330,"column":70}},"330":{"start":{"line":331,"column":0},"end":{"line":331,"column":7}},"331":{"start":{"line":332,"column":0},"end":{"line":332,"column":26}},"332":{"start":{"line":333,"column":0},"end":{"line":333,"column":32}},"333":{"start":{"line":334,"column":0},"end":{"line":334,"column":61}},"334":{"start":{"line":335,"column":0},"end":{"line":335,"column":9}},"335":{"start":{"line":336,"column":0},"end":{"line":336,"column":58}},"336":{"start":{"line":337,"column":0},"end":{"line":337,"column":47}},"337":{"start":{"line":338,"column":0},"end":{"line":338,"column":5}},"338":{"start":{"line":339,"column":0},"end":{"line":339,"column":0}},"339":{"start":{"line":340,"column":0},"end":{"line":340,"column":7}},"340":{"start":{"line":341,"column":0},"end":{"line":341,"column":45}},"341":{"start":{"line":342,"column":0},"end":{"line":342,"column":59}},"342":{"start":{"line":343,"column":0},"end":{"line":343,"column":77}},"343":{"start":{"line":344,"column":0},"end":{"line":344,"column":7}},"344":{"start":{"line":345,"column":0},"end":{"line":345,"column":26}},"345":{"start":{"line":346,"column":0},"end":{"line":346,"column":45}},"346":{"start":{"line":347,"column":0},"end":{"line":347,"column":47}},"347":{"start":{"line":348,"column":0},"end":{"line":348,"column":58}},"348":{"start":{"line":349,"column":0},"end":{"line":349,"column":5}},"349":{"start":{"line":350,"column":0},"end":{"line":350,"column":0}},"350":{"start":{"line":351,"column":0},"end":{"line":351,"column":7}},"351":{"start":{"line":352,"column":0},"end":{"line":352,"column":78}},"352":{"start":{"line":353,"column":0},"end":{"line":353,"column":69}},"353":{"start":{"line":354,"column":0},"end":{"line":354,"column":54}},"354":{"start":{"line":355,"column":0},"end":{"line":355,"column":42}},"355":{"start":{"line":356,"column":0},"end":{"line":356,"column":46}},"356":{"start":{"line":357,"column":0},"end":{"line":357,"column":50}},"357":{"start":{"line":358,"column":0},"end":{"line":358,"column":45}},"358":{"start":{"line":359,"column":0},"end":{"line":359,"column":52}},"359":{"start":{"line":360,"column":0},"end":{"line":360,"column":75}},"360":{"start":{"line":361,"column":0},"end":{"line":361,"column":56}},"361":{"start":{"line":362,"column":0},"end":{"line":362,"column":59}},"362":{"start":{"line":363,"column":0},"end":{"line":363,"column":7}},"363":{"start":{"line":364,"column":0},"end":{"line":364,"column":42}},"364":{"start":{"line":365,"column":0},"end":{"line":365,"column":73}},"365":{"start":{"line":366,"column":0},"end":{"line":366,"column":24}},"366":{"start":{"line":367,"column":0},"end":{"line":367,"column":25}},"367":{"start":{"line":368,"column":0},"end":{"line":368,"column":29}},"368":{"start":{"line":369,"column":0},"end":{"line":369,"column":59}},"369":{"start":{"line":370,"column":0},"end":{"line":370,"column":35}},"370":{"start":{"line":371,"column":0},"end":{"line":371,"column":32}},"371":{"start":{"line":372,"column":0},"end":{"line":372,"column":34}},"372":{"start":{"line":373,"column":0},"end":{"line":373,"column":38}},"373":{"start":{"line":374,"column":0},"end":{"line":374,"column":34}},"374":{"start":{"line":375,"column":0},"end":{"line":375,"column":34}},"375":{"start":{"line":376,"column":0},"end":{"line":376,"column":58}},"376":{"start":{"line":377,"column":0},"end":{"line":377,"column":67}},"377":{"start":{"line":378,"column":0},"end":{"line":378,"column":103}},"378":{"start":{"line":379,"column":0},"end":{"line":379,"column":68}},"379":{"start":{"line":380,"column":0},"end":{"line":380,"column":59}},"380":{"start":{"line":381,"column":0},"end":{"line":381,"column":70}},"381":{"start":{"line":382,"column":0},"end":{"line":382,"column":80}},"382":{"start":{"line":383,"column":0},"end":{"line":383,"column":30}},"383":{"start":{"line":384,"column":0},"end":{"line":384,"column":24}},"384":{"start":{"line":385,"column":0},"end":{"line":385,"column":21}},"385":{"start":{"line":386,"column":0},"end":{"line":386,"column":61}},"386":{"start":{"line":387,"column":0},"end":{"line":387,"column":27}},"387":{"start":{"line":388,"column":0},"end":{"line":388,"column":31}},"388":{"start":{"line":389,"column":0},"end":{"line":389,"column":79}},"389":{"start":{"line":390,"column":0},"end":{"line":390,"column":10}},"390":{"start":{"line":391,"column":0},"end":{"line":391,"column":34}},"391":{"start":{"line":392,"column":0},"end":{"line":392,"column":86}},"392":{"start":{"line":393,"column":0},"end":{"line":393,"column":22}},"393":{"start":{"line":394,"column":0},"end":{"line":394,"column":5}},"394":{"start":{"line":395,"column":0},"end":{"line":395,"column":0}},"395":{"start":{"line":396,"column":0},"end":{"line":396,"column":7}},"396":{"start":{"line":397,"column":0},"end":{"line":397,"column":69}},"397":{"start":{"line":398,"column":0},"end":{"line":398,"column":74}},"398":{"start":{"line":399,"column":0},"end":{"line":399,"column":54}},"399":{"start":{"line":400,"column":0},"end":{"line":400,"column":71}},"400":{"start":{"line":401,"column":0},"end":{"line":401,"column":55}},"401":{"start":{"line":402,"column":0},"end":{"line":402,"column":82}},"402":{"start":{"line":403,"column":0},"end":{"line":403,"column":7}},"403":{"start":{"line":404,"column":0},"end":{"line":404,"column":51}},"404":{"start":{"line":405,"column":0},"end":{"line":405,"column":65}},"405":{"start":{"line":406,"column":0},"end":{"line":406,"column":58}},"406":{"start":{"line":407,"column":0},"end":{"line":407,"column":69}},"407":{"start":{"line":408,"column":0},"end":{"line":408,"column":9}},"408":{"start":{"line":409,"column":0},"end":{"line":409,"column":8}},"409":{"start":{"line":410,"column":0},"end":{"line":410,"column":23}},"410":{"start":{"line":411,"column":0},"end":{"line":411,"column":32}},"411":{"start":{"line":412,"column":0},"end":{"line":412,"column":8}},"412":{"start":{"line":413,"column":0},"end":{"line":413,"column":39}},"413":{"start":{"line":414,"column":0},"end":{"line":414,"column":36}},"414":{"start":{"line":415,"column":0},"end":{"line":415,"column":64}},"415":{"start":{"line":416,"column":0},"end":{"line":416,"column":13}},"416":{"start":{"line":417,"column":0},"end":{"line":417,"column":62}},"417":{"start":{"line":418,"column":0},"end":{"line":418,"column":46}},"418":{"start":{"line":419,"column":0},"end":{"line":419,"column":49}},"419":{"start":{"line":420,"column":0},"end":{"line":420,"column":55}},"420":{"start":{"line":421,"column":0},"end":{"line":421,"column":35}},"421":{"start":{"line":422,"column":0},"end":{"line":422,"column":16}},"422":{"start":{"line":423,"column":0},"end":{"line":423,"column":55}},"423":{"start":{"line":424,"column":0},"end":{"line":424,"column":9}},"424":{"start":{"line":425,"column":0},"end":{"line":425,"column":8}},"425":{"start":{"line":426,"column":0},"end":{"line":426,"column":40}},"426":{"start":{"line":427,"column":0},"end":{"line":427,"column":39}},"427":{"start":{"line":428,"column":0},"end":{"line":428,"column":47}},"428":{"start":{"line":429,"column":0},"end":{"line":429,"column":32}},"429":{"start":{"line":430,"column":0},"end":{"line":430,"column":8}},"430":{"start":{"line":431,"column":0},"end":{"line":431,"column":42}},"431":{"start":{"line":432,"column":0},"end":{"line":432,"column":34}},"432":{"start":{"line":433,"column":0},"end":{"line":433,"column":46}},"433":{"start":{"line":434,"column":0},"end":{"line":434,"column":9}},"434":{"start":{"line":435,"column":0},"end":{"line":435,"column":8}},"435":{"start":{"line":436,"column":0},"end":{"line":436,"column":87}},"436":{"start":{"line":437,"column":0},"end":{"line":437,"column":8}},"437":{"start":{"line":438,"column":0},"end":{"line":438,"column":38}},"438":{"start":{"line":439,"column":0},"end":{"line":439,"column":35}},"439":{"start":{"line":440,"column":0},"end":{"line":440,"column":84}},"440":{"start":{"line":441,"column":0},"end":{"line":441,"column":17}},"441":{"start":{"line":442,"column":0},"end":{"line":442,"column":72}},"442":{"start":{"line":443,"column":0},"end":{"line":443,"column":68}},"443":{"start":{"line":444,"column":0},"end":{"line":444,"column":76}},"444":{"start":{"line":445,"column":0},"end":{"line":445,"column":25}},"445":{"start":{"line":446,"column":0},"end":{"line":446,"column":79}},"446":{"start":{"line":447,"column":0},"end":{"line":447,"column":87}},"447":{"start":{"line":448,"column":0},"end":{"line":448,"column":13}},"448":{"start":{"line":449,"column":0},"end":{"line":449,"column":9}},"449":{"start":{"line":450,"column":0},"end":{"line":450,"column":8}},"450":{"start":{"line":451,"column":0},"end":{"line":451,"column":22}},"451":{"start":{"line":452,"column":0},"end":{"line":452,"column":5}},"452":{"start":{"line":453,"column":0},"end":{"line":453,"column":0}},"453":{"start":{"line":454,"column":0},"end":{"line":454,"column":48}},"454":{"start":{"line":455,"column":0},"end":{"line":455,"column":73}},"455":{"start":{"line":456,"column":0},"end":{"line":456,"column":8}},"456":{"start":{"line":457,"column":0},"end":{"line":457,"column":72}},"457":{"start":{"line":458,"column":0},"end":{"line":458,"column":33}},"458":{"start":{"line":459,"column":0},"end":{"line":459,"column":45}},"459":{"start":{"line":460,"column":0},"end":{"line":460,"column":80}},"460":{"start":{"line":461,"column":0},"end":{"line":461,"column":56}},"461":{"start":{"line":462,"column":0},"end":{"line":462,"column":9}},"462":{"start":{"line":463,"column":0},"end":{"line":463,"column":8}},"463":{"start":{"line":464,"column":0},"end":{"line":464,"column":24}},"464":{"start":{"line":465,"column":0},"end":{"line":465,"column":25}},"465":{"start":{"line":466,"column":0},"end":{"line":466,"column":35}},"466":{"start":{"line":467,"column":0},"end":{"line":467,"column":33}},"467":{"start":{"line":468,"column":0},"end":{"line":468,"column":28}},"468":{"start":{"line":469,"column":0},"end":{"line":469,"column":24}},"469":{"start":{"line":470,"column":0},"end":{"line":470,"column":21}},"470":{"start":{"line":471,"column":0},"end":{"line":471,"column":25}},"471":{"start":{"line":472,"column":0},"end":{"line":472,"column":70}},"472":{"start":{"line":473,"column":0},"end":{"line":473,"column":58}},"473":{"start":{"line":474,"column":0},"end":{"line":474,"column":53}},"474":{"start":{"line":475,"column":0},"end":{"line":475,"column":14}},"475":{"start":{"line":476,"column":0},"end":{"line":476,"column":62}},"476":{"start":{"line":477,"column":0},"end":{"line":477,"column":67}},"477":{"start":{"line":478,"column":0},"end":{"line":478,"column":25}},"478":{"start":{"line":479,"column":0},"end":{"line":479,"column":27}},"479":{"start":{"line":480,"column":0},"end":{"line":480,"column":73}},"480":{"start":{"line":481,"column":0},"end":{"line":481,"column":98}},"481":{"start":{"line":482,"column":0},"end":{"line":482,"column":85}},"482":{"start":{"line":483,"column":0},"end":{"line":483,"column":46}},"483":{"start":{"line":484,"column":0},"end":{"line":484,"column":50}},"484":{"start":{"line":485,"column":0},"end":{"line":485,"column":46}},"485":{"start":{"line":486,"column":0},"end":{"line":486,"column":46}},"486":{"start":{"line":487,"column":0},"end":{"line":487,"column":172}},"487":{"start":{"line":488,"column":0},"end":{"line":488,"column":185}},"488":{"start":{"line":489,"column":0},"end":{"line":489,"column":68}},"489":{"start":{"line":490,"column":0},"end":{"line":490,"column":59}},"490":{"start":{"line":491,"column":0},"end":{"line":491,"column":70}},"491":{"start":{"line":492,"column":0},"end":{"line":492,"column":111}},"492":{"start":{"line":493,"column":0},"end":{"line":493,"column":80}},"493":{"start":{"line":494,"column":0},"end":{"line":494,"column":68}},"494":{"start":{"line":495,"column":0},"end":{"line":495,"column":10}},"495":{"start":{"line":496,"column":0},"end":{"line":496,"column":8}},"496":{"start":{"line":497,"column":0},"end":{"line":497,"column":34}},"497":{"start":{"line":498,"column":0},"end":{"line":498,"column":81}},"498":{"start":{"line":499,"column":0},"end":{"line":499,"column":8}},"499":{"start":{"line":500,"column":0},"end":{"line":500,"column":50}},"500":{"start":{"line":501,"column":0},"end":{"line":501,"column":30}},"501":{"start":{"line":502,"column":0},"end":{"line":502,"column":100}},"502":{"start":{"line":503,"column":0},"end":{"line":503,"column":90}},"503":{"start":{"line":504,"column":0},"end":{"line":504,"column":42}},"504":{"start":{"line":505,"column":0},"end":{"line":505,"column":47}},"505":{"start":{"line":506,"column":0},"end":{"line":506,"column":57}},"506":{"start":{"line":507,"column":0},"end":{"line":507,"column":43}},"507":{"start":{"line":508,"column":0},"end":{"line":508,"column":70}},"508":{"start":{"line":509,"column":0},"end":{"line":509,"column":62}},"509":{"start":{"line":510,"column":0},"end":{"line":510,"column":63}},"510":{"start":{"line":511,"column":0},"end":{"line":511,"column":27}},"511":{"start":{"line":512,"column":0},"end":{"line":512,"column":72}},"512":{"start":{"line":513,"column":0},"end":{"line":513,"column":15}},"513":{"start":{"line":514,"column":0},"end":{"line":514,"column":9}},"514":{"start":{"line":515,"column":0},"end":{"line":515,"column":8}},"515":{"start":{"line":516,"column":0},"end":{"line":516,"column":22}},"516":{"start":{"line":517,"column":0},"end":{"line":517,"column":5}},"517":{"start":{"line":518,"column":0},"end":{"line":518,"column":0}},"518":{"start":{"line":519,"column":0},"end":{"line":519,"column":27}},"519":{"start":{"line":520,"column":0},"end":{"line":520,"column":69}},"520":{"start":{"line":521,"column":0},"end":{"line":521,"column":5}},"521":{"start":{"line":522,"column":0},"end":{"line":522,"column":0}},"522":{"start":{"line":523,"column":0},"end":{"line":523,"column":7}},"523":{"start":{"line":524,"column":0},"end":{"line":524,"column":37}},"524":{"start":{"line":525,"column":0},"end":{"line":525,"column":47}},"525":{"start":{"line":526,"column":0},"end":{"line":526,"column":7}},"526":{"start":{"line":527,"column":0},"end":{"line":527,"column":22}},"527":{"start":{"line":528,"column":0},"end":{"line":528,"column":36}},"528":{"start":{"line":529,"column":0},"end":{"line":529,"column":59}},"529":{"start":{"line":530,"column":0},"end":{"line":530,"column":88}},"530":{"start":{"line":531,"column":0},"end":{"line":531,"column":43}},"531":{"start":{"line":532,"column":0},"end":{"line":532,"column":9}},"532":{"start":{"line":533,"column":0},"end":{"line":533,"column":41}},"533":{"start":{"line":534,"column":0},"end":{"line":534,"column":35}},"534":{"start":{"line":535,"column":0},"end":{"line":535,"column":9}},"535":{"start":{"line":536,"column":0},"end":{"line":536,"column":76}},"536":{"start":{"line":537,"column":0},"end":{"line":537,"column":61}},"537":{"start":{"line":538,"column":0},"end":{"line":538,"column":5}},"538":{"start":{"line":539,"column":0},"end":{"line":539,"column":0}},"539":{"start":{"line":540,"column":0},"end":{"line":540,"column":7}},"540":{"start":{"line":541,"column":0},"end":{"line":541,"column":35}},"541":{"start":{"line":542,"column":0},"end":{"line":542,"column":7}},"542":{"start":{"line":543,"column":0},"end":{"line":543,"column":7}},"543":{"start":{"line":544,"column":0},"end":{"line":544,"column":34}},"544":{"start":{"line":545,"column":0},"end":{"line":545,"column":43}},"545":{"start":{"line":546,"column":0},"end":{"line":546,"column":86}},"546":{"start":{"line":547,"column":0},"end":{"line":547,"column":7}},"547":{"start":{"line":548,"column":0},"end":{"line":548,"column":45}},"548":{"start":{"line":549,"column":0},"end":{"line":549,"column":23}},"549":{"start":{"line":550,"column":0},"end":{"line":550,"column":47}},"550":{"start":{"line":551,"column":0},"end":{"line":551,"column":16}},"551":{"start":{"line":552,"column":0},"end":{"line":552,"column":50}},"552":{"start":{"line":553,"column":0},"end":{"line":553,"column":9}},"553":{"start":{"line":554,"column":0},"end":{"line":554,"column":5}},"554":{"start":{"line":555,"column":0},"end":{"line":555,"column":0}},"555":{"start":{"line":556,"column":0},"end":{"line":556,"column":7}},"556":{"start":{"line":557,"column":0},"end":{"line":557,"column":24}},"557":{"start":{"line":558,"column":0},"end":{"line":558,"column":55}},"558":{"start":{"line":559,"column":0},"end":{"line":559,"column":7}},"559":{"start":{"line":560,"column":0},"end":{"line":560,"column":30}},"560":{"start":{"line":561,"column":0},"end":{"line":561,"column":46}},"561":{"start":{"line":562,"column":0},"end":{"line":562,"column":5}},"562":{"start":{"line":563,"column":0},"end":{"line":563,"column":0}},"563":{"start":{"line":564,"column":0},"end":{"line":564,"column":7}},"564":{"start":{"line":565,"column":0},"end":{"line":565,"column":46}},"565":{"start":{"line":566,"column":0},"end":{"line":566,"column":7}},"566":{"start":{"line":567,"column":0},"end":{"line":567,"column":17}},"567":{"start":{"line":568,"column":0},"end":{"line":568,"column":40}},"568":{"start":{"line":569,"column":0},"end":{"line":569,"column":78}},"569":{"start":{"line":570,"column":0},"end":{"line":570,"column":52}},"570":{"start":{"line":571,"column":0},"end":{"line":571,"column":13}},"571":{"start":{"line":572,"column":0},"end":{"line":572,"column":11}},"572":{"start":{"line":573,"column":0},"end":{"line":573,"column":5}},"573":{"start":{"line":574,"column":0},"end":{"line":574,"column":0}},"574":{"start":{"line":575,"column":0},"end":{"line":575,"column":7}},"575":{"start":{"line":576,"column":0},"end":{"line":576,"column":27}},"576":{"start":{"line":577,"column":0},"end":{"line":577,"column":7}},"577":{"start":{"line":578,"column":0},"end":{"line":578,"column":19}},"578":{"start":{"line":579,"column":0},"end":{"line":579,"column":37}},"579":{"start":{"line":580,"column":0},"end":{"line":580,"column":5}},"580":{"start":{"line":581,"column":0},"end":{"line":581,"column":0}},"581":{"start":{"line":582,"column":0},"end":{"line":582,"column":7}},"582":{"start":{"line":583,"column":0},"end":{"line":583,"column":31}},"583":{"start":{"line":584,"column":0},"end":{"line":584,"column":59}},"584":{"start":{"line":585,"column":0},"end":{"line":585,"column":7}},"585":{"start":{"line":586,"column":0},"end":{"line":586,"column":26}},"586":{"start":{"line":587,"column":0},"end":{"line":587,"column":72}},"587":{"start":{"line":588,"column":0},"end":{"line":588,"column":5}},"588":{"start":{"line":589,"column":0},"end":{"line":589,"column":0}},"589":{"start":{"line":590,"column":0},"end":{"line":590,"column":7}},"590":{"start":{"line":591,"column":0},"end":{"line":591,"column":36}},"591":{"start":{"line":592,"column":0},"end":{"line":592,"column":52}},"592":{"start":{"line":593,"column":0},"end":{"line":593,"column":52}},"593":{"start":{"line":594,"column":0},"end":{"line":594,"column":7}},"594":{"start":{"line":595,"column":0},"end":{"line":595,"column":26}},"595":{"start":{"line":596,"column":0},"end":{"line":596,"column":50}},"596":{"start":{"line":597,"column":0},"end":{"line":597,"column":5}},"597":{"start":{"line":598,"column":0},"end":{"line":598,"column":0}},"598":{"start":{"line":599,"column":0},"end":{"line":599,"column":7}},"599":{"start":{"line":600,"column":0},"end":{"line":600,"column":41}},"600":{"start":{"line":601,"column":0},"end":{"line":601,"column":51}},"601":{"start":{"line":602,"column":0},"end":{"line":602,"column":7}},"602":{"start":{"line":603,"column":0},"end":{"line":603,"column":25}},"603":{"start":{"line":604,"column":0},"end":{"line":604,"column":41}},"604":{"start":{"line":605,"column":0},"end":{"line":605,"column":5}},"605":{"start":{"line":606,"column":0},"end":{"line":606,"column":0}},"606":{"start":{"line":607,"column":0},"end":{"line":607,"column":7}},"607":{"start":{"line":608,"column":0},"end":{"line":608,"column":60}},"608":{"start":{"line":609,"column":0},"end":{"line":609,"column":45}},"609":{"start":{"line":610,"column":0},"end":{"line":610,"column":40}},"610":{"start":{"line":611,"column":0},"end":{"line":611,"column":7}},"611":{"start":{"line":612,"column":0},"end":{"line":612,"column":22}},"612":{"start":{"line":613,"column":0},"end":{"line":613,"column":33}},"613":{"start":{"line":614,"column":0},"end":{"line":614,"column":49}},"614":{"start":{"line":615,"column":0},"end":{"line":615,"column":5}},"615":{"start":{"line":616,"column":0},"end":{"line":616,"column":0}},"616":{"start":{"line":617,"column":0},"end":{"line":617,"column":7}},"617":{"start":{"line":618,"column":0},"end":{"line":618,"column":35}},"618":{"start":{"line":619,"column":0},"end":{"line":619,"column":40}},"619":{"start":{"line":620,"column":0},"end":{"line":620,"column":7}},"620":{"start":{"line":621,"column":0},"end":{"line":621,"column":20}},"621":{"start":{"line":622,"column":0},"end":{"line":622,"column":42}},"622":{"start":{"line":623,"column":0},"end":{"line":623,"column":5}},"623":{"start":{"line":624,"column":0},"end":{"line":624,"column":0}},"624":{"start":{"line":625,"column":0},"end":{"line":625,"column":7}},"625":{"start":{"line":626,"column":0},"end":{"line":626,"column":62}},"626":{"start":{"line":627,"column":0},"end":{"line":627,"column":55}},"627":{"start":{"line":628,"column":0},"end":{"line":628,"column":7}},"628":{"start":{"line":629,"column":0},"end":{"line":629,"column":46}},"629":{"start":{"line":630,"column":0},"end":{"line":630,"column":65}},"630":{"start":{"line":631,"column":0},"end":{"line":631,"column":28}},"631":{"start":{"line":632,"column":0},"end":{"line":632,"column":0}},"632":{"start":{"line":633,"column":0},"end":{"line":633,"column":31}},"633":{"start":{"line":634,"column":0},"end":{"line":634,"column":8}},"634":{"start":{"line":635,"column":0},"end":{"line":635,"column":42}},"635":{"start":{"line":636,"column":0},"end":{"line":636,"column":57}},"636":{"start":{"line":637,"column":0},"end":{"line":637,"column":76}},"637":{"start":{"line":638,"column":0},"end":{"line":638,"column":9}},"638":{"start":{"line":639,"column":0},"end":{"line":639,"column":46}},"639":{"start":{"line":640,"column":0},"end":{"line":640,"column":70}},"640":{"start":{"line":641,"column":0},"end":{"line":641,"column":44}},"641":{"start":{"line":642,"column":0},"end":{"line":642,"column":12}},"642":{"start":{"line":643,"column":0},"end":{"line":643,"column":60}},"643":{"start":{"line":644,"column":0},"end":{"line":644,"column":70}},"644":{"start":{"line":645,"column":0},"end":{"line":645,"column":49}},"645":{"start":{"line":646,"column":0},"end":{"line":646,"column":42}},"646":{"start":{"line":647,"column":0},"end":{"line":647,"column":13}},"647":{"start":{"line":648,"column":0},"end":{"line":648,"column":9}},"648":{"start":{"line":649,"column":0},"end":{"line":649,"column":52}},"649":{"start":{"line":650,"column":0},"end":{"line":650,"column":66}},"650":{"start":{"line":651,"column":0},"end":{"line":651,"column":46}},"651":{"start":{"line":652,"column":0},"end":{"line":652,"column":12}},"652":{"start":{"line":653,"column":0},"end":{"line":653,"column":38}},"653":{"start":{"line":654,"column":0},"end":{"line":654,"column":76}},"654":{"start":{"line":655,"column":0},"end":{"line":655,"column":53}},"655":{"start":{"line":656,"column":0},"end":{"line":656,"column":46}},"656":{"start":{"line":657,"column":0},"end":{"line":657,"column":13}},"657":{"start":{"line":658,"column":0},"end":{"line":658,"column":9}},"658":{"start":{"line":659,"column":0},"end":{"line":659,"column":5}},"659":{"start":{"line":660,"column":0},"end":{"line":660,"column":0}},"660":{"start":{"line":661,"column":0},"end":{"line":661,"column":7}},"661":{"start":{"line":662,"column":0},"end":{"line":662,"column":38}},"662":{"start":{"line":663,"column":0},"end":{"line":663,"column":53}},"663":{"start":{"line":664,"column":0},"end":{"line":664,"column":7}},"664":{"start":{"line":665,"column":0},"end":{"line":665,"column":48}},"665":{"start":{"line":666,"column":0},"end":{"line":666,"column":71}},"666":{"start":{"line":667,"column":0},"end":{"line":667,"column":8}},"667":{"start":{"line":668,"column":0},"end":{"line":668,"column":46}},"668":{"start":{"line":669,"column":0},"end":{"line":669,"column":59}},"669":{"start":{"line":670,"column":0},"end":{"line":670,"column":9}},"670":{"start":{"line":671,"column":0},"end":{"line":671,"column":0}},"671":{"start":{"line":672,"column":0},"end":{"line":672,"column":39}},"672":{"start":{"line":673,"column":0},"end":{"line":673,"column":8}},"673":{"start":{"line":674,"column":0},"end":{"line":674,"column":60}},"674":{"start":{"line":675,"column":0},"end":{"line":675,"column":8}},"675":{"start":{"line":676,"column":0},"end":{"line":676,"column":13}},"676":{"start":{"line":677,"column":0},"end":{"line":677,"column":71}},"677":{"start":{"line":678,"column":0},"end":{"line":678,"column":131}},"678":{"start":{"line":679,"column":0},"end":{"line":679,"column":12}},"679":{"start":{"line":680,"column":0},"end":{"line":680,"column":56}},"680":{"start":{"line":681,"column":0},"end":{"line":681,"column":12}},"681":{"start":{"line":682,"column":0},"end":{"line":682,"column":71}},"682":{"start":{"line":683,"column":0},"end":{"line":683,"column":12}},"683":{"start":{"line":684,"column":0},"end":{"line":684,"column":35}},"684":{"start":{"line":685,"column":0},"end":{"line":685,"column":37}},"685":{"start":{"line":686,"column":0},"end":{"line":686,"column":40}},"686":{"start":{"line":687,"column":0},"end":{"line":687,"column":37}},"687":{"start":{"line":688,"column":0},"end":{"line":688,"column":27}},"688":{"start":{"line":689,"column":0},"end":{"line":689,"column":36}},"689":{"start":{"line":690,"column":0},"end":{"line":690,"column":64}},"690":{"start":{"line":691,"column":0},"end":{"line":691,"column":82}},"691":{"start":{"line":692,"column":0},"end":{"line":692,"column":17}},"692":{"start":{"line":693,"column":0},"end":{"line":693,"column":14}},"693":{"start":{"line":694,"column":0},"end":{"line":694,"column":12}},"694":{"start":{"line":695,"column":0},"end":{"line":695,"column":59}},"695":{"start":{"line":696,"column":0},"end":{"line":696,"column":38}},"696":{"start":{"line":697,"column":0},"end":{"line":697,"column":0}},"697":{"start":{"line":698,"column":0},"end":{"line":698,"column":60}},"698":{"start":{"line":699,"column":0},"end":{"line":699,"column":52}},"699":{"start":{"line":700,"column":0},"end":{"line":700,"column":87}},"700":{"start":{"line":701,"column":0},"end":{"line":701,"column":105}},"701":{"start":{"line":702,"column":0},"end":{"line":702,"column":64}},"702":{"start":{"line":703,"column":0},"end":{"line":703,"column":0}},"703":{"start":{"line":704,"column":0},"end":{"line":704,"column":73}},"704":{"start":{"line":705,"column":0},"end":{"line":705,"column":31}},"705":{"start":{"line":706,"column":0},"end":{"line":706,"column":12}},"706":{"start":{"line":707,"column":0},"end":{"line":707,"column":51}},"707":{"start":{"line":708,"column":0},"end":{"line":708,"column":37}},"708":{"start":{"line":709,"column":0},"end":{"line":709,"column":62}},"709":{"start":{"line":710,"column":0},"end":{"line":710,"column":80}},"710":{"start":{"line":711,"column":0},"end":{"line":711,"column":39}},"711":{"start":{"line":712,"column":0},"end":{"line":712,"column":20}},"712":{"start":{"line":713,"column":0},"end":{"line":713,"column":92}},"713":{"start":{"line":714,"column":0},"end":{"line":714,"column":46}},"714":{"start":{"line":715,"column":0},"end":{"line":715,"column":48}},"715":{"start":{"line":716,"column":0},"end":{"line":716,"column":73}},"716":{"start":{"line":717,"column":0},"end":{"line":717,"column":16}},"717":{"start":{"line":718,"column":0},"end":{"line":718,"column":31}},"718":{"start":{"line":719,"column":0},"end":{"line":719,"column":75}},"719":{"start":{"line":720,"column":0},"end":{"line":720,"column":115}},"720":{"start":{"line":721,"column":0},"end":{"line":721,"column":80}},"721":{"start":{"line":722,"column":0},"end":{"line":722,"column":95}},"722":{"start":{"line":723,"column":0},"end":{"line":723,"column":20}},"723":{"start":{"line":724,"column":0},"end":{"line":724,"column":33}},"724":{"start":{"line":725,"column":0},"end":{"line":725,"column":60}},"725":{"start":{"line":726,"column":0},"end":{"line":726,"column":60}},"726":{"start":{"line":727,"column":0},"end":{"line":727,"column":61}},"727":{"start":{"line":728,"column":0},"end":{"line":728,"column":22}},"728":{"start":{"line":729,"column":0},"end":{"line":729,"column":79}},"729":{"start":{"line":730,"column":0},"end":{"line":730,"column":24}},"730":{"start":{"line":731,"column":0},"end":{"line":731,"column":34}},"731":{"start":{"line":732,"column":0},"end":{"line":732,"column":121}},"732":{"start":{"line":733,"column":0},"end":{"line":733,"column":72}},"733":{"start":{"line":734,"column":0},"end":{"line":734,"column":75}},"734":{"start":{"line":735,"column":0},"end":{"line":735,"column":17}},"735":{"start":{"line":736,"column":0},"end":{"line":736,"column":20}},"736":{"start":{"line":737,"column":0},"end":{"line":737,"column":96}},"737":{"start":{"line":738,"column":0},"end":{"line":738,"column":13}},"738":{"start":{"line":739,"column":0},"end":{"line":739,"column":0}},"739":{"start":{"line":740,"column":0},"end":{"line":740,"column":37}},"740":{"start":{"line":741,"column":0},"end":{"line":741,"column":69}},"741":{"start":{"line":742,"column":0},"end":{"line":742,"column":0}},"742":{"start":{"line":743,"column":0},"end":{"line":743,"column":59}},"743":{"start":{"line":744,"column":0},"end":{"line":744,"column":34}},"744":{"start":{"line":745,"column":0},"end":{"line":745,"column":37}},"745":{"start":{"line":746,"column":0},"end":{"line":746,"column":34}},"746":{"start":{"line":747,"column":0},"end":{"line":747,"column":35}},"747":{"start":{"line":748,"column":0},"end":{"line":748,"column":31}},"748":{"start":{"line":749,"column":0},"end":{"line":749,"column":34}},"749":{"start":{"line":750,"column":0},"end":{"line":750,"column":34}},"750":{"start":{"line":751,"column":0},"end":{"line":751,"column":64}},"751":{"start":{"line":752,"column":0},"end":{"line":752,"column":73}},"752":{"start":{"line":753,"column":0},"end":{"line":753,"column":47}},"753":{"start":{"line":754,"column":0},"end":{"line":754,"column":55}},"754":{"start":{"line":755,"column":0},"end":{"line":755,"column":57}},"755":{"start":{"line":756,"column":0},"end":{"line":756,"column":77}},"756":{"start":{"line":757,"column":0},"end":{"line":757,"column":17}},"757":{"start":{"line":758,"column":0},"end":{"line":758,"column":14}},"758":{"start":{"line":759,"column":0},"end":{"line":759,"column":0}},"759":{"start":{"line":760,"column":0},"end":{"line":760,"column":49}},"760":{"start":{"line":761,"column":0},"end":{"line":761,"column":53}},"761":{"start":{"line":762,"column":0},"end":{"line":762,"column":12}},"762":{"start":{"line":763,"column":0},"end":{"line":763,"column":52}},"763":{"start":{"line":764,"column":0},"end":{"line":764,"column":45}},"764":{"start":{"line":765,"column":0},"end":{"line":765,"column":12}},"765":{"start":{"line":766,"column":0},"end":{"line":766,"column":35}},"766":{"start":{"line":767,"column":0},"end":{"line":767,"column":34}},"767":{"start":{"line":768,"column":0},"end":{"line":768,"column":50}},"768":{"start":{"line":769,"column":0},"end":{"line":769,"column":0}},"769":{"start":{"line":770,"column":0},"end":{"line":770,"column":21}},"770":{"start":{"line":771,"column":0},"end":{"line":771,"column":36}},"771":{"start":{"line":772,"column":0},"end":{"line":772,"column":61}},"772":{"start":{"line":773,"column":0},"end":{"line":773,"column":20}},"773":{"start":{"line":774,"column":0},"end":{"line":774,"column":9}},"774":{"start":{"line":775,"column":0},"end":{"line":775,"column":5}},"775":{"start":{"line":776,"column":0},"end":{"line":776,"column":0}},"776":{"start":{"line":777,"column":0},"end":{"line":777,"column":7}},"777":{"start":{"line":778,"column":0},"end":{"line":778,"column":65}},"778":{"start":{"line":779,"column":0},"end":{"line":779,"column":7}},"779":{"start":{"line":780,"column":0},"end":{"line":780,"column":33}},"780":{"start":{"line":781,"column":0},"end":{"line":781,"column":37}},"781":{"start":{"line":782,"column":0},"end":{"line":782,"column":63}},"782":{"start":{"line":783,"column":0},"end":{"line":783,"column":38}},"783":{"start":{"line":784,"column":0},"end":{"line":784,"column":5}},"784":{"start":{"line":785,"column":0},"end":{"line":785,"column":0}},"785":{"start":{"line":786,"column":0},"end":{"line":786,"column":7}},"786":{"start":{"line":787,"column":0},"end":{"line":787,"column":40}},"787":{"start":{"line":788,"column":0},"end":{"line":788,"column":46}},"788":{"start":{"line":789,"column":0},"end":{"line":789,"column":88}},"789":{"start":{"line":790,"column":0},"end":{"line":790,"column":91}},"790":{"start":{"line":791,"column":0},"end":{"line":791,"column":7}},"791":{"start":{"line":792,"column":0},"end":{"line":792,"column":37}},"792":{"start":{"line":793,"column":0},"end":{"line":793,"column":103}},"793":{"start":{"line":794,"column":0},"end":{"line":794,"column":8}},"794":{"start":{"line":795,"column":0},"end":{"line":795,"column":38}},"795":{"start":{"line":796,"column":0},"end":{"line":796,"column":55}},"796":{"start":{"line":797,"column":0},"end":{"line":797,"column":9}},"797":{"start":{"line":798,"column":0},"end":{"line":798,"column":74}},"798":{"start":{"line":799,"column":0},"end":{"line":799,"column":96}},"799":{"start":{"line":800,"column":0},"end":{"line":800,"column":9}},"800":{"start":{"line":801,"column":0},"end":{"line":801,"column":0}},"801":{"start":{"line":802,"column":0},"end":{"line":802,"column":31}},"802":{"start":{"line":803,"column":0},"end":{"line":803,"column":66}},"803":{"start":{"line":804,"column":0},"end":{"line":804,"column":89}},"804":{"start":{"line":805,"column":0},"end":{"line":805,"column":0}},"805":{"start":{"line":806,"column":0},"end":{"line":806,"column":36}},"806":{"start":{"line":807,"column":0},"end":{"line":807,"column":49}},"807":{"start":{"line":808,"column":0},"end":{"line":808,"column":33}},"808":{"start":{"line":809,"column":0},"end":{"line":809,"column":37}},"809":{"start":{"line":810,"column":0},"end":{"line":810,"column":31}},"810":{"start":{"line":811,"column":0},"end":{"line":811,"column":73}},"811":{"start":{"line":812,"column":0},"end":{"line":812,"column":55}},"812":{"start":{"line":813,"column":0},"end":{"line":813,"column":14}},"813":{"start":{"line":814,"column":0},"end":{"line":814,"column":10}},"814":{"start":{"line":815,"column":0},"end":{"line":815,"column":0}},"815":{"start":{"line":816,"column":0},"end":{"line":816,"column":80}},"816":{"start":{"line":817,"column":0},"end":{"line":817,"column":75}},"817":{"start":{"line":818,"column":0},"end":{"line":818,"column":0}},"818":{"start":{"line":819,"column":0},"end":{"line":819,"column":90}},"819":{"start":{"line":820,"column":0},"end":{"line":820,"column":32}},"820":{"start":{"line":821,"column":0},"end":{"line":821,"column":8}},"821":{"start":{"line":822,"column":0},"end":{"line":822,"column":65}},"822":{"start":{"line":823,"column":0},"end":{"line":823,"column":38}},"823":{"start":{"line":824,"column":0},"end":{"line":824,"column":5}},"824":{"start":{"line":825,"column":0},"end":{"line":825,"column":0}},"825":{"start":{"line":826,"column":0},"end":{"line":826,"column":7}},"826":{"start":{"line":827,"column":0},"end":{"line":827,"column":22}},"827":{"start":{"line":828,"column":0},"end":{"line":828,"column":7}},"828":{"start":{"line":829,"column":0},"end":{"line":829,"column":25}},"829":{"start":{"line":830,"column":0},"end":{"line":830,"column":31}},"830":{"start":{"line":831,"column":0},"end":{"line":831,"column":90}},"831":{"start":{"line":832,"column":0},"end":{"line":832,"column":9}},"832":{"start":{"line":833,"column":0},"end":{"line":833,"column":49}},"833":{"start":{"line":834,"column":0},"end":{"line":834,"column":67}},"834":{"start":{"line":835,"column":0},"end":{"line":835,"column":9}},"835":{"start":{"line":836,"column":0},"end":{"line":836,"column":0}},"836":{"start":{"line":837,"column":0},"end":{"line":837,"column":31}},"837":{"start":{"line":838,"column":0},"end":{"line":838,"column":77}},"838":{"start":{"line":839,"column":0},"end":{"line":839,"column":8}},"839":{"start":{"line":840,"column":0},"end":{"line":840,"column":40}},"840":{"start":{"line":841,"column":0},"end":{"line":841,"column":80}},"841":{"start":{"line":842,"column":0},"end":{"line":842,"column":8}},"842":{"start":{"line":843,"column":0},"end":{"line":843,"column":38}},"843":{"start":{"line":844,"column":0},"end":{"line":844,"column":58}},"844":{"start":{"line":845,"column":0},"end":{"line":845,"column":9}},"845":{"start":{"line":846,"column":0},"end":{"line":846,"column":0}},"846":{"start":{"line":847,"column":0},"end":{"line":847,"column":44}},"847":{"start":{"line":848,"column":0},"end":{"line":848,"column":79}},"848":{"start":{"line":849,"column":0},"end":{"line":849,"column":71}},"849":{"start":{"line":850,"column":0},"end":{"line":850,"column":9}},"850":{"start":{"line":851,"column":0},"end":{"line":851,"column":0}},"851":{"start":{"line":852,"column":0},"end":{"line":852,"column":86}},"852":{"start":{"line":853,"column":0},"end":{"line":853,"column":8}},"853":{"start":{"line":854,"column":0},"end":{"line":854,"column":13}},"854":{"start":{"line":855,"column":0},"end":{"line":855,"column":47}},"855":{"start":{"line":856,"column":0},"end":{"line":856,"column":65}},"856":{"start":{"line":857,"column":0},"end":{"line":857,"column":89}},"857":{"start":{"line":858,"column":0},"end":{"line":858,"column":12}},"858":{"start":{"line":859,"column":0},"end":{"line":859,"column":39}},"859":{"start":{"line":860,"column":0},"end":{"line":860,"column":61}},"860":{"start":{"line":861,"column":0},"end":{"line":861,"column":78}},"861":{"start":{"line":862,"column":0},"end":{"line":862,"column":46}},"862":{"start":{"line":863,"column":0},"end":{"line":863,"column":47}},"863":{"start":{"line":864,"column":0},"end":{"line":864,"column":19}},"864":{"start":{"line":865,"column":0},"end":{"line":865,"column":73}},"865":{"start":{"line":866,"column":0},"end":{"line":866,"column":14}},"866":{"start":{"line":867,"column":0},"end":{"line":867,"column":12}},"867":{"start":{"line":868,"column":0},"end":{"line":868,"column":56}},"868":{"start":{"line":869,"column":0},"end":{"line":869,"column":78}},"869":{"start":{"line":870,"column":0},"end":{"line":870,"column":12}},"870":{"start":{"line":871,"column":0},"end":{"line":871,"column":60}},"871":{"start":{"line":872,"column":0},"end":{"line":872,"column":80}},"872":{"start":{"line":873,"column":0},"end":{"line":873,"column":106}},"873":{"start":{"line":874,"column":0},"end":{"line":874,"column":12}},"874":{"start":{"line":875,"column":0},"end":{"line":875,"column":57}},"875":{"start":{"line":876,"column":0},"end":{"line":876,"column":56}},"876":{"start":{"line":877,"column":0},"end":{"line":877,"column":69}},"877":{"start":{"line":878,"column":0},"end":{"line":878,"column":12}},"878":{"start":{"line":879,"column":0},"end":{"line":879,"column":67}},"879":{"start":{"line":880,"column":0},"end":{"line":880,"column":67}},"880":{"start":{"line":881,"column":0},"end":{"line":881,"column":12}},"881":{"start":{"line":882,"column":0},"end":{"line":882,"column":72}},"882":{"start":{"line":883,"column":0},"end":{"line":883,"column":37}},"883":{"start":{"line":884,"column":0},"end":{"line":884,"column":33}},"884":{"start":{"line":885,"column":0},"end":{"line":885,"column":12}},"885":{"start":{"line":886,"column":0},"end":{"line":886,"column":50}},"886":{"start":{"line":887,"column":0},"end":{"line":887,"column":82}},"887":{"start":{"line":888,"column":0},"end":{"line":888,"column":16}},"888":{"start":{"line":889,"column":0},"end":{"line":889,"column":30}},"889":{"start":{"line":890,"column":0},"end":{"line":890,"column":39}},"890":{"start":{"line":891,"column":0},"end":{"line":891,"column":63}},"891":{"start":{"line":892,"column":0},"end":{"line":892,"column":96}},"892":{"start":{"line":893,"column":0},"end":{"line":893,"column":21}},"893":{"start":{"line":894,"column":0},"end":{"line":894,"column":24}},"894":{"start":{"line":895,"column":0},"end":{"line":895,"column":35}},"895":{"start":{"line":896,"column":0},"end":{"line":896,"column":94}},"896":{"start":{"line":897,"column":0},"end":{"line":897,"column":17}},"897":{"start":{"line":898,"column":0},"end":{"line":898,"column":16}},"898":{"start":{"line":899,"column":0},"end":{"line":899,"column":45}},"899":{"start":{"line":900,"column":0},"end":{"line":900,"column":70}},"900":{"start":{"line":901,"column":0},"end":{"line":901,"column":13}},"901":{"start":{"line":902,"column":0},"end":{"line":902,"column":12}},"902":{"start":{"line":903,"column":0},"end":{"line":903,"column":45}},"903":{"start":{"line":904,"column":0},"end":{"line":904,"column":39}},"904":{"start":{"line":905,"column":0},"end":{"line":905,"column":64}},"905":{"start":{"line":906,"column":0},"end":{"line":906,"column":12}},"906":{"start":{"line":907,"column":0},"end":{"line":907,"column":37}},"907":{"start":{"line":908,"column":0},"end":{"line":908,"column":37}},"908":{"start":{"line":909,"column":0},"end":{"line":909,"column":46}},"909":{"start":{"line":910,"column":0},"end":{"line":910,"column":43}},"910":{"start":{"line":911,"column":0},"end":{"line":911,"column":42}},"911":{"start":{"line":912,"column":0},"end":{"line":912,"column":62}},"912":{"start":{"line":913,"column":0},"end":{"line":913,"column":19}},"913":{"start":{"line":914,"column":0},"end":{"line":914,"column":113}},"914":{"start":{"line":915,"column":0},"end":{"line":915,"column":20}},"915":{"start":{"line":916,"column":0},"end":{"line":916,"column":46}},"916":{"start":{"line":917,"column":0},"end":{"line":917,"column":88}},"917":{"start":{"line":918,"column":0},"end":{"line":918,"column":99}},"918":{"start":{"line":919,"column":0},"end":{"line":919,"column":19}},"919":{"start":{"line":920,"column":0},"end":{"line":920,"column":128}},"920":{"start":{"line":921,"column":0},"end":{"line":921,"column":13}},"921":{"start":{"line":922,"column":0},"end":{"line":922,"column":12}},"922":{"start":{"line":923,"column":0},"end":{"line":923,"column":21}},"923":{"start":{"line":924,"column":0},"end":{"line":924,"column":60}},"924":{"start":{"line":925,"column":0},"end":{"line":925,"column":37}},"925":{"start":{"line":926,"column":0},"end":{"line":926,"column":35}},"926":{"start":{"line":927,"column":0},"end":{"line":927,"column":31}},"927":{"start":{"line":928,"column":0},"end":{"line":928,"column":15}},"928":{"start":{"line":929,"column":0},"end":{"line":929,"column":20}},"929":{"start":{"line":930,"column":0},"end":{"line":930,"column":19}},"930":{"start":{"line":931,"column":0},"end":{"line":931,"column":36}},"931":{"start":{"line":932,"column":0},"end":{"line":932,"column":69}},"932":{"start":{"line":933,"column":0},"end":{"line":933,"column":9}},"933":{"start":{"line":934,"column":0},"end":{"line":934,"column":5}},"934":{"start":{"line":935,"column":0},"end":{"line":935,"column":0}},"935":{"start":{"line":936,"column":0},"end":{"line":936,"column":7}},"936":{"start":{"line":937,"column":0},"end":{"line":937,"column":45}},"937":{"start":{"line":938,"column":0},"end":{"line":938,"column":49}},"938":{"start":{"line":939,"column":0},"end":{"line":939,"column":7}},"939":{"start":{"line":940,"column":0},"end":{"line":940,"column":36}},"940":{"start":{"line":941,"column":0},"end":{"line":941,"column":35}},"941":{"start":{"line":942,"column":0},"end":{"line":942,"column":8}},"942":{"start":{"line":943,"column":0},"end":{"line":943,"column":47}},"943":{"start":{"line":944,"column":0},"end":{"line":944,"column":52}},"944":{"start":{"line":945,"column":0},"end":{"line":945,"column":49}},"945":{"start":{"line":946,"column":0},"end":{"line":946,"column":12}},"946":{"start":{"line":947,"column":0},"end":{"line":947,"column":40}},"947":{"start":{"line":948,"column":0},"end":{"line":948,"column":54}},"948":{"start":{"line":949,"column":0},"end":{"line":949,"column":71}},"949":{"start":{"line":950,"column":0},"end":{"line":950,"column":21}},"950":{"start":{"line":951,"column":0},"end":{"line":951,"column":56}},"951":{"start":{"line":952,"column":0},"end":{"line":952,"column":60}},"952":{"start":{"line":953,"column":0},"end":{"line":953,"column":65}},"953":{"start":{"line":954,"column":0},"end":{"line":954,"column":20}},"954":{"start":{"line":955,"column":0},"end":{"line":955,"column":53}},"955":{"start":{"line":956,"column":0},"end":{"line":956,"column":108}},"956":{"start":{"line":957,"column":0},"end":{"line":957,"column":20}},"957":{"start":{"line":958,"column":0},"end":{"line":958,"column":48}},"958":{"start":{"line":959,"column":0},"end":{"line":959,"column":81}},"959":{"start":{"line":960,"column":0},"end":{"line":960,"column":42}},"960":{"start":{"line":961,"column":0},"end":{"line":961,"column":33}},"961":{"start":{"line":962,"column":0},"end":{"line":962,"column":21}},"962":{"start":{"line":963,"column":0},"end":{"line":963,"column":20}},"963":{"start":{"line":964,"column":0},"end":{"line":964,"column":83}},"964":{"start":{"line":965,"column":0},"end":{"line":965,"column":20}},"965":{"start":{"line":966,"column":0},"end":{"line":966,"column":45}},"966":{"start":{"line":967,"column":0},"end":{"line":967,"column":51}},"967":{"start":{"line":968,"column":0},"end":{"line":968,"column":75}},"968":{"start":{"line":969,"column":0},"end":{"line":969,"column":69}},"969":{"start":{"line":970,"column":0},"end":{"line":970,"column":71}},"970":{"start":{"line":971,"column":0},"end":{"line":971,"column":24}},"971":{"start":{"line":972,"column":0},"end":{"line":972,"column":60}},"972":{"start":{"line":973,"column":0},"end":{"line":973,"column":72}},"973":{"start":{"line":974,"column":0},"end":{"line":974,"column":24}},"974":{"start":{"line":975,"column":0},"end":{"line":975,"column":79}},"975":{"start":{"line":976,"column":0},"end":{"line":976,"column":125}},"976":{"start":{"line":977,"column":0},"end":{"line":977,"column":82}},"977":{"start":{"line":978,"column":0},"end":{"line":978,"column":83}},"978":{"start":{"line":979,"column":0},"end":{"line":979,"column":82}},"979":{"start":{"line":980,"column":0},"end":{"line":980,"column":116}},"980":{"start":{"line":981,"column":0},"end":{"line":981,"column":81}},"981":{"start":{"line":982,"column":0},"end":{"line":982,"column":24}},"982":{"start":{"line":983,"column":0},"end":{"line":983,"column":84}},"983":{"start":{"line":984,"column":0},"end":{"line":984,"column":24}},"984":{"start":{"line":985,"column":0},"end":{"line":985,"column":52}},"985":{"start":{"line":986,"column":0},"end":{"line":986,"column":49}},"986":{"start":{"line":987,"column":0},"end":{"line":987,"column":62}},"987":{"start":{"line":988,"column":0},"end":{"line":988,"column":55}},"988":{"start":{"line":989,"column":0},"end":{"line":989,"column":45}},"989":{"start":{"line":990,"column":0},"end":{"line":990,"column":57}},"990":{"start":{"line":991,"column":0},"end":{"line":991,"column":45}},"991":{"start":{"line":992,"column":0},"end":{"line":992,"column":27}},"992":{"start":{"line":993,"column":0},"end":{"line":993,"column":24}},"993":{"start":{"line":994,"column":0},"end":{"line":994,"column":154}},"994":{"start":{"line":995,"column":0},"end":{"line":995,"column":21}},"995":{"start":{"line":996,"column":0},"end":{"line":996,"column":20}},"996":{"start":{"line":997,"column":0},"end":{"line":997,"column":38}},"997":{"start":{"line":998,"column":0},"end":{"line":998,"column":29}},"998":{"start":{"line":999,"column":0},"end":{"line":999,"column":76}},"999":{"start":{"line":1000,"column":0},"end":{"line":1000,"column":62}},"1000":{"start":{"line":1001,"column":0},"end":{"line":1001,"column":17}},"1001":{"start":{"line":1002,"column":0},"end":{"line":1002,"column":25}},"1002":{"start":{"line":1003,"column":0},"end":{"line":1003,"column":13}},"1003":{"start":{"line":1004,"column":0},"end":{"line":1004,"column":12}},"1004":{"start":{"line":1005,"column":0},"end":{"line":1005,"column":79}},"1005":{"start":{"line":1006,"column":0},"end":{"line":1006,"column":60}},"1006":{"start":{"line":1007,"column":0},"end":{"line":1007,"column":12}},"1007":{"start":{"line":1008,"column":0},"end":{"line":1008,"column":62}},"1008":{"start":{"line":1009,"column":0},"end":{"line":1009,"column":103}},"1009":{"start":{"line":1010,"column":0},"end":{"line":1010,"column":65}},"1010":{"start":{"line":1011,"column":0},"end":{"line":1011,"column":66}},"1011":{"start":{"line":1012,"column":0},"end":{"line":1012,"column":65}},"1012":{"start":{"line":1013,"column":0},"end":{"line":1013,"column":94}},"1013":{"start":{"line":1014,"column":0},"end":{"line":1014,"column":64}},"1014":{"start":{"line":1015,"column":0},"end":{"line":1015,"column":12}},"1015":{"start":{"line":1016,"column":0},"end":{"line":1016,"column":70}},"1016":{"start":{"line":1017,"column":0},"end":{"line":1017,"column":67}},"1017":{"start":{"line":1018,"column":0},"end":{"line":1018,"column":12}},"1018":{"start":{"line":1019,"column":0},"end":{"line":1019,"column":40}},"1019":{"start":{"line":1020,"column":0},"end":{"line":1020,"column":32}},"1020":{"start":{"line":1021,"column":0},"end":{"line":1021,"column":45}},"1021":{"start":{"line":1022,"column":0},"end":{"line":1022,"column":43}},"1022":{"start":{"line":1023,"column":0},"end":{"line":1023,"column":33}},"1023":{"start":{"line":1024,"column":0},"end":{"line":1024,"column":39}},"1024":{"start":{"line":1025,"column":0},"end":{"line":1025,"column":15}},"1025":{"start":{"line":1026,"column":0},"end":{"line":1026,"column":12}},"1026":{"start":{"line":1027,"column":0},"end":{"line":1027,"column":125}},"1027":{"start":{"line":1028,"column":0},"end":{"line":1028,"column":9}},"1028":{"start":{"line":1029,"column":0},"end":{"line":1029,"column":8}},"1029":{"start":{"line":1030,"column":0},"end":{"line":1030,"column":37}},"1030":{"start":{"line":1031,"column":0},"end":{"line":1031,"column":5}},"1031":{"start":{"line":1032,"column":0},"end":{"line":1032,"column":0}},"1032":{"start":{"line":10
[...]
umn":30}},"133":{"start":{"line":134,"column":0},"end":{"line":134,"column":35}},"134":{"start":{"line":135,"column":0},"end":{"line":135,"column":17}},"135":{"start":{"line":136,"column":0},"end":{"line":136,"column":29}},"136":{"start":{"line":137,"column":0},"end":{"line":137,"column":34}},"137":{"start":{"line":138,"column":0},"end":{"line":138,"column":58}},"138":{"start":{"line":139,"column":0},"end":{"line":139,"column":32}},"139":{"start":{"line":140,"column":0},"end":{"line":140,"column":17}},"140":{"start":{"line":141,"column":0},"end":{"line":141,"column":20}},"141":{"start":{"line":142,"column":0},"end":{"line":142,"column":15}},"142":{"start":{"line":143,"column":0},"end":{"line":143,"column":14}},"143":{"start":{"line":144,"column":0},"end":{"line":144,"column":36}},"144":{"start":{"line":145,"column":0},"end":{"line":145,"column":34}},"145":{"start":{"line":146,"column":0},"end":{"line":146,"column":18}},"146":{"start":{"line":147,"column":0},"end":{"line":147,"column":15}},"147":{"start":{"line":148,"column":0},"end":{"line":148,"column":15}},"148":{"start":{"line":149,"column":0},"end":{"line":149,"column":6}},"149":{"start":{"line":150,"column":0},"end":{"line":150,"column":1}},"150":{"start":{"line":151,"column":0},"end":{"line":151,"column":0}},"151":{"start":{"line":152,"column":0},"end":{"line":152,"column":3}},"152":{"start":{"line":153,"column":0},"end":{"line":153,"column":15}},"153":{"start":{"line":154,"column":0},"end":{"line":154,"column":54}},"154":{"start":{"line":155,"column":0},"end":{"line":155,"column":3}},"155":{"start":{"line":156,"column":0},"end":{"line":156,"column":40}},"156":{"start":{"line":157,"column":0},"end":{"line":157,"column":50}},"157":{"start":{"line":158,"column":0},"end":{"line":158,"column":23}},"158":{"start":{"line":159,"column":0},"end":{"line":159,"column":79}},"159":{"start":{"line":160,"column":0},"end":{"line":160,"column":5}},"160":{"start":{"line":161,"column":0},"end":{"line":161,"column":4}},"161":{"start":{"line":162,"column":0},"end":{"line":162,"column":42}},"162":{"start":{"line":163,"column":0},"end":{"line":163,"column":33}},"163":{"start":{"line":164,"column":0},"end":{"line":164,"column":4}},"164":{"start":{"line":165,"column":0},"end":{"line":165,"column":32}},"165":{"start":{"line":166,"column":0},"end":{"line":166,"column":28}},"166":{"start":{"line":167,"column":0},"end":{"line":167,"column":6}},"167":{"start":{"line":168,"column":0},"end":{"line":168,"column":1}},"168":{"start":{"line":169,"column":0},"end":{"line":169,"column":0}},"169":{"start":{"line":170,"column":0},"end":{"line":170,"column":3}},"170":{"start":{"line":171,"column":0},"end":{"line":171,"column":31}},"171":{"start":{"line":172,"column":0},"end":{"line":172,"column":54}},"172":{"start":{"line":173,"column":0},"end":{"line":173,"column":51}},"173":{"start":{"line":174,"column":0},"end":{"line":174,"column":3}},"174":{"start":{"line":175,"column":0},"end":{"line":175,"column":81}},"175":{"start":{"line":176,"column":0},"end":{"line":176,"column":62}},"176":{"start":{"line":177,"column":0},"end":{"line":177,"column":42}},"177":{"start":{"line":178,"column":0},"end":{"line":178,"column":42}},"178":{"start":{"line":179,"column":0},"end":{"line":179,"column":17}},"179":{"start":{"line":180,"column":0},"end":{"line":180,"column":26}},"180":{"start":{"line":181,"column":0},"end":{"line":181,"column":14}},"181":{"start":{"line":182,"column":0},"end":{"line":182,"column":29}},"182":{"start":{"line":183,"column":0},"end":{"line":183,"column":1}}},"s":{"0":0,"1":0,"2":0,"3":0,"4":0,"5":0,"6":0,"7":0,"8":0,"9":0,"10":0,"11":0,"12":0,"13":0,"14":0,"15":0,"16":0,"17":0,"18":0,"19":0,"20":0,"21":0,"22":0,"23":0,"24":0,"25":0,"26":0,"27":0,"28":0,"29":0,"30":0,"31":0,"32":0,"33":0,"34":0,"35":0,"36":0,"37":0,"38":0,"39":0,"40":0,"41":0,"42":0,"43":0,"44":0,"45":0,"46":0,"47":0,"48":0,"49":0,"50":0,"51":0,"52":0,"53":0,"54":0,"55":0,"56":0,"57":0,"58":0,"59":0,"60":0,"61":0,"62":0,"63":0,"64":0,"65":0,"66":0,"67":0,"68":0,"69":0,"70":0,"71":0,"72":0,"73":0,"74":0,"75":0,"76":0,"77":0,"78":0,"79":0,"80":0,"81":0,"82":0,"83":0,"84":0,"85":0,"86":0,"87":0,"88":0,"89":0,"90":0,"91":0,"92":0,"93":0,"94":0,"95":0,"96":0,"97":0,"98":0,"99":0,"100":0,"101":0,"102":0,"103":0,"104":0,"105":0,"106":0,"107":0,"108":0,"109":0,"110":0,"111":0,"112":0,"113":0,"114":0,"115":0,"116":0,"117":0,"118":0,"119":0,"120":0,"121":0,"122":0,"123":0,"124":0,"125":0,"126":0,"127":0,"128":0,"129":0,"130":0,"131":0,"132":0,"133":0,"134":0,"135":0,"136":0,"137":0,"138":0,"139":0,"140":0,"141":0,"142":0,"143":0,"144":0,"145":0,"146":0,"147":0,"148":0,"149":0,"150":0,"151":0,"152":0,"153":0,"154":0,"155":0,"156":0,"157":0,"158":0,"159":0,"160":0,"161":0,"162":0,"163":0,"164":0,"165":0,"166":0,"167":0,"168":0,"169":0,"170":0,"171":0,"172":0,"173":0,"174":0,"175":0,"176":0,"177":0,"178":0,"179":0,"180":0,"181":0,"182":0},"branchMap":{"0":{"type":"branch","line":1,"loc":{"start":{"line":1,"column":0},"end":{"line":183,"column":-485}},"locations":[{"start":{"line":1,"column":0},"end":{"line":183,"column":-485}}]}},"b":{"0":[0]},"fnMap":{"0":{"name":"(empty-report)","decl":{"start":{"line":1,"column":0},"end":{"line":183,"column":-485}},"loc":{"start":{"line":1,"column":0},"end":{"line":183,"column":-485}},"line":1}},"f":{"0":0}}
,"C:\\Users\\zombo\\Desktop\\Programming\\batchtastic\\src\\utils\\Logger.js": {"path":"C:\\Users\\zombo\\Desktop\\Programming\\batchtastic\\src\\utils\\Logger.js","all":false,"statementMap":{"0":{"start":{"line":1,"column":0},"end":{"line":1,"column":3}},"1":{"start":{"line":2,"column":0},"end":{"line":2,"column":17}},"2":{"start":{"line":3,"column":0},"end":{"line":3,"column":61}},"3":{"start":{"line":4,"column":0},"end":{"line":4,"column":3}},"4":{"start":{"line":5,"column":0},"end":{"line":5,"column":0}},"5":{"start":{"line":6,"column":0},"end":{"line":6,"column":3}},"6":{"start":{"line":7,"column":0},"end":{"line":7,"column":35}},"7":{"start":{"line":8,"column":0},"end":{"line":8,"column":40}},"8":{"start":{"line":9,"column":0},"end":{"line":9,"column":3}},"9":{"start":{"line":10,"column":0},"end":{"line":10,"column":28}},"10":{"start":{"line":11,"column":0},"end":{"line":11,"column":64}},"11":{"start":{"line":12,"column":0},"end":{"line":12,"column":1}},"12":{"start":{"line":13,"column":0},"end":{"line":13,"column":0}},"13":{"start":{"line":14,"column":0},"end":{"line":14,"column":3}},"14":{"start":{"line":15,"column":0},"end":{"line":15,"column":36}},"15":{"start":{"line":16,"column":0},"end":{"line":16,"column":40}},"16":{"start":{"line":17,"column":0},"end":{"line":17,"column":40}},"17":{"start":{"line":18,"column":0},"end":{"line":18,"column":3}},"18":{"start":{"line":19,"column":0},"end":{"line":19,"column":41}},"19":{"start":{"line":20,"column":0},"end":{"line":20,"column":47}},"20":{"start":{"line":21,"column":0},"end":{"line":21,"column":1}},"21":{"start":{"line":22,"column":0},"end":{"line":22,"column":0}},"22":{"start":{"line":23,"column":0},"end":{"line":23,"column":3}},"23":{"start":{"line":24,"column":0},"end":{"line":24,"column":41}},"24":{"start":{"line":25,"column":0},"end":{"line":25,"column":48}},"25":{"start":{"line":26,"column":0},"end":{"line":26,"column":40}},"26":{"start":{"line":27,"column":0},"end":{"line":27,"column":69}},"27":{"start":{"line":28,"column":0},"end":{"line":28,"column":3}},"28":{"start":{"line":29,"column":0},"end":{"line":29,"column":58}},"29":{"start":{"line":30,"column":0},"end":{"line":30,"column":46}},"30":{"start":{"line":31,"column":0},"end":{"line":31,"column":36}},"31":{"start":{"line":32,"column":0},"end":{"line":32,"column":23}},"32":{"start":{"line":33,"column":0},"end":{"line":33,"column":5}},"33":{"start":{"line":34,"column":0},"end":{"line":34,"column":1}},"34":{"start":{"line":35,"column":0},"end":{"line":35,"column":0}},"35":{"start":{"line":36,"column":0},"end":{"line":36,"column":3}},"36":{"start":{"line":37,"column":0},"end":{"line":37,"column":21}},"37":{"start":{"line":38,"column":0},"end":{"line":38,"column":57}},"38":{"start":{"line":39,"column":0},"end":{"line":39,"column":40}},"39":{"start":{"line":40,"column":0},"end":{"line":40,"column":3}},"40":{"start":{"line":41,"column":0},"end":{"line":41,"column":46}},"41":{"start":{"line":42,"column":0},"end":{"line":42,"column":32}},"42":{"start":{"line":43,"column":0},"end":{"line":43,"column":37}},"43":{"start":{"line":44,"column":0},"end":{"line":44,"column":5}},"44":{"start":{"line":45,"column":0},"end":{"line":45,"column":1}},"45":{"start":{"line":46,"column":0},"end":{"line":46,"column":0}},"46":{"start":{"line":47,"column":0},"end":{"line":47,"column":3}},"47":{"start":{"line":48,"column":0},"end":{"line":48,"column":21}},"48":{"start":{"line":49,"column":0},"end":{"line":49,"column":48}},"49":{"start":{"line":50,"column":0},"end":{"line":50,"column":40}},"50":{"start":{"line":51,"column":0},"end":{"line":51,"column":3}},"51":{"start":{"line":52,"column":0},"end":{"line":52,"column":50}},"52":{"start":{"line":53,"column":0},"end":{"line":53,"column":32}},"53":{"start":{"line":54,"column":0},"end":{"line":54,"column":1}}},"s":{"0":1,"1":1,"2":1,"3":1,"4":1,"5":1,"6":1,"7":1,"8":1,"9":427,"10":427,"11":427,"12":1,"13":1,"14":1,"15":1,"16":1,"17":1,"18":1,"19":427,"20":427,"21":1,"22":1,"23":1,"24":1,"25":1,"26":1,"27":1,"28":1,"29":427,"30":427,"31":50,"32":50,"33":427,"34":1,"35":1,"36":1,"37":1,"38":1,"39":1,"40":1,"41":50,"42":50,"43":50,"44":50,"45":1,"46":1,"47":1,"48":1,"49":1,"50":1,"51":1,"52":377,"53":377},"branchMap":{"0":{"type":"branch","line":10,"loc":{"start":{"line":10,"column":0},"end":{"line":12,"column":1}},"locations":[{"start":{"line":10,"column":0},"end":{"line":12,"column":1}}]},"1":{"type":"branch","line":19,"loc":{"start":{"line":19,"column":7},"end":{"line":21,"column":1}},"locations":[{"start":{"line":19,"column":7},"end":{"line":21,"column":1}}]},"2":{"type":"branch","line":29,"loc":{"start":{"line":29,"column":7},"end":{"line":34,"column":1}},"locations":[{"start":{"line":29,"column":7},"end":{"line":34,"column":1}}]},"3":{"type":"branch","line":31,"loc":{"start":{"line":31,"column":35},"end":{"line":33,"column":5}},"locations":[{"start":{"line":31,"column":35},"end":{"line":33,"column":5}}]},"4":{"type":"branch","line":41,"loc":{"start":{"line":41,"column":7},"end":{"line":45,"column":1}},"locations":[{"start":{"line":41,"column":7},"end":{"line":45,"column":1}}]},"5":{"type":"branch","line":52,"loc":{"start":{"line":52,"column":7},"end":{"line":54,"column":1}},"locations":[{"start":{"line":52,"column":7},"end":{"line":54,"column":1}}]}},"b":{"0":[427],"1":[427],"2":[427],"3":[50],"4":[50],"5":[377]},"fnMap":{"0":{"name":"formatTimestamp","decl":{"start":{"line":10,"column":0},"end":{"line":12,"column":1}},"loc":{"start":{"line":10,"column":0},"end":{"line":12,"column":1}},"line":10},"1":{"name":"createLogEntry","decl":{"start":{"line":19,"column":7},"end":{"line":21,"column":1}},"loc":{"start":{"line":19,"column":7},"end":{"line":21,"column":1}},"line":19},"2":{"name":"addLog","decl":{"start":{"line":29,"column":7},"end":{"line":34,"column":1}},"loc":{"start":{"line":29,"column":7},"end":{"line":34,"column":1}},"line":29},"3":{"name":"logToDevice","decl":{"start":{"line":41,"column":7},"end":{"line":45,"column":1}},"loc":{"start":{"line":41,"column":7},"end":{"line":45,"column":1}},"line":41},"4":{"name":"logToGlobal","decl":{"start":{"line":52,"column":7},"end":{"line":54,"column":1}},"loc":{"start":{"line":52,"column":7},"end":{"line":54,"column":1}},"line":52}},"f":{"0":427,"1":427,"2":427,"3":50,"4":377}}
,"C:\\Users\\zombo\\Desktop\\Programming\\batchtastic\\src\\utils\\Storage.js": {"path":"C:\\Users\\zombo\\Desktop\\Programming\\batchtastic\\src\\utils\\Storage.js","all":false,"statementMap":{"0":{"start":{"line":1,"column":0},"end":{"line":1,"column":3}},"1":{"start":{"line":2,"column":0},"end":{"line":2,"column":22}},"2":{"start":{"line":3,"column":0},"end":{"line":3,"column":58}},"3":{"start":{"line":4,"column":0},"end":{"line":4,"column":3}},"4":{"start":{"line":5,"column":0},"end":{"line":5,"column":0}},"5":{"start":{"line":6,"column":0},"end":{"line":6,"column":3}},"6":{"start":{"line":7,"column":0},"end":{"line":7,"column":24}},"7":{"start":{"line":8,"column":0},"end":{"line":8,"column":36}},"8":{"start":{"line":9,"column":0},"end":{"line":9,"column":63}},"9":{"start":{"line":10,"column":0},"end":{"line":10,"column":39}},"10":{"start":{"line":11,"column":0},"end":{"line":11,"column":3}},"11":{"start":{"line":12,"column":0},"end":{"line":12,"column":54}},"12":{"start":{"line":13,"column":0},"end":{"line":13,"column":9}},"13":{"start":{"line":14,"column":0},"end":{"line":14,"column":50}},"14":{"start":{"line":15,"column":0},"end":{"line":15,"column":32}},"15":{"start":{"line":16,"column":0},"end":{"line":16,"column":9}},"16":{"start":{"line":17,"column":0},"end":{"line":17,"column":47}},"17":{"start":{"line":18,"column":0},"end":{"line":18,"column":54}},"18":{"start":{"line":19,"column":0},"end":{"line":19,"column":17}},"19":{"start":{"line":20,"column":0},"end":{"line":20,"column":63}},"20":{"start":{"line":21,"column":0},"end":{"line":21,"column":28}},"21":{"start":{"line":22,"column":0},"end":{"line":22,"column":5}},"22":{"start":{"line":23,"column":0},"end":{"line":23,"column":1}},"23":{"start":{"line":24,"column":0},"end":{"line":24,"column":0}},"24":{"start":{"line":25,"column":0},"end":{"line":25,"column":3}},"25":{"start":{"line":26,"column":0},"end":{"line":26,"column":22}},"26":{"start":{"line":27,"column":0},"end":{"line":27,"column":36}},"27":{"start":{"line":28,"column":0},"end":{"line":28,"column":36}},"28":{"start":{"line":29,"column":0},"end":{"line":29,"column":3}},"29":{"start":{"line":30,"column":0},"end":{"line":30,"column":40}},"30":{"start":{"line":31,"column":0},"end":{"line":31,"column":9}},"31":{"start":{"line":32,"column":0},"end":{"line":32,"column":50}},"32":{"start":{"line":33,"column":0},"end":{"line":33,"column":55}},"33":{"start":{"line":34,"column":0},"end":{"line":34,"column":19}},"34":{"start":{"line":35,"column":0},"end":{"line":35,"column":9}},"35":{"start":{"line":36,"column":0},"end":{"line":36,"column":57}},"36":{"start":{"line":37,"column":0},"end":{"line":37,"column":17}},"37":{"start":{"line":38,"column":0},"end":{"line":38,"column":63}},"38":{"start":{"line":39,"column":0},"end":{"line":39,"column":59}},"39":{"start":{"line":40,"column":0},"end":{"line":40,"column":5}},"40":{"start":{"line":41,"column":0},"end":{"line":41,"column":1}},"41":{"start":{"line":42,"column":0},"end":{"line":42,"column":0}},"42":{"start":{"line":43,"column":0},"end":{"line":43,"column":3}},"43":{"start":{"line":44,"column":0},"end":{"line":44,"column":27}},"44":{"start":{"line":45,"column":0},"end":{"line":45,"column":36}},"45":{"start":{"line":46,"column":0},"end":{"line":46,"column":3}},"46":{"start":{"line":47,"column":0},"end":{"line":47,"column":36}},"47":{"start":{"line":48,"column":0},"end":{"line":48,"column":9}},"48":{"start":{"line":49,"column":0},"end":{"line":49,"column":50}},"49":{"start":{"line":50,"column":0},"end":{"line":50,"column":19}},"50":{"start":{"line":51,"column":0},"end":{"line":51,"column":9}},"51":{"start":{"line":52,"column":0},"end":{"line":52,"column":37}},"52":{"start":{"line":53,"column":0},"end":{"line":53,"column":17}},"53":{"start":{"line":54,"column":0},"end":{"line":54,"column":66}},"54":{"start":{"line":55,"column":0},"end":{"line":55,"column":5}},"55":{"start":{"line":56,"column":0},"end":{"line":56,"column":1}},"56":{"start":{"line":57,"column":0},"end":{"line":57,"column":0}},"57":{"start":{"line":58,"column":0},"end":{"line":58,"column":3}},"58":{"start":{"line":59,"column":0},"end":{"line":59,"column":48}},"59":{"start":{"line":60,"column":0},"end":{"line":60,"column":58}},"60":{"start":{"line":61,"column":0},"end":{"line":61,"column":3}},"61":{"start":{"line":62,"column":0},"end":{"line":62,"column":45}},"62":{"start":{"line":63,"column":0},"end":{"line":63,"column":9}},"63":{"start":{"line":64,"column":0},"end":{"line":64,"column":50}},"64":{"start":{"line":65,"column":0},"end":{"line":65,"column":19}},"65":{"start":{"line":66,"column":0},"end":{"line":66,"column":9}},"66":{"start":{"line":67,"column":0},"end":{"line":67,"column":21}},"67":{"start":{"line":68,"column":0},"end":{"line":68,"column":51}},"68":{"start":{"line":69,"column":0},"end":{"line":69,"column":33}},"69":{"start":{"line":70,"column":0},"end":{"line":70,"column":45}},"70":{"start":{"line":71,"column":0},"end":{"line":71,"column":49}},"71":{"start":{"line":72,"column":0},"end":{"line":72,"column":17}},"72":{"start":{"line":73,"column":0},"end":{"line":73,"column":15}},"73":{"start":{"line":74,"column":0},"end":{"line":74,"column":16}},"74":{"start":{"line":75,"column":0},"end":{"line":75,"column":33}},"75":{"start":{"line":76,"column":0},"end":{"line":76,"column":9}},"76":{"start":{"line":77,"column":0},"end":{"line":77,"column":17}},"77":{"start":{"line":78,"column":0},"end":{"line":78,"column":52}},"78":{"start":{"line":79,"column":0},"end":{"line":79,"column":5}},"79":{"start":{"line":80,"column":0},"end":{"line":80,"column":1}}},"s":{"0":1,"1":1,"2":1,"3":1,"4":1,"5":1,"6":1,"7":1,"8":1,"9":1,"10":1,"11":1,"12":295,"13":295,"14":0,"15":0,"16":295,"17":295,"18":295,"19":0,"20":0,"21":0,"22":295,"23":1,"24":1,"25":1,"26":1,"27":1,"28":1,"29":1,"30":27,"31":27,"32":0,"33":0,"34":0,"35":27,"36":27,"37":1,"38":1,"39":1,"40":27,"41":1,"42":1,"43":1,"44":1,"45":1,"46":1,"47":0,"48":0,"49":0,"50":0,"51":0,"52":0,"53":0,"54":0,"55":0,"56":1,"57":1,"58":1,"59":1,"60":1,"61":1,"62":0,"63":0,"64":0,"65":0,"66":0,"67":0,"68":0,"69":0,"70":0,"71":0,"72":0,"73":0,"74":0,"75":0,"76":0,"77":0,"78":0,"79":0},"branchMap":{"0":{"type":"branch","line":12,"loc":{"start":{"line":12,"column":7},"end":{"line":23,"column":1}},"locations":[{"start":{"line":12,"column":7},"end":{"line":23,"column":1}}]},"1":{"type":"branch","line":14,"loc":{"start":{"line":14,"column":49},"end":{"line":16,"column":9}},"locations":[{"start":{"line":14,"column":49},"end":{"line":16,"column":9}}]},"2":{"type":"branch","line":18,"loc":{"start":{"line":18,"column":20},"end":{"line":18,"column":38}},"locations":[{"start":{"line":18,"column":20},"end":{"line":18,"column":38}}]},"3":{"type":"branch","line":18,"loc":{"start":{"line":18,"column":39},"end":{"line":18,"column":53}},"locations":[{"start":{"line":18,"column":39},"end":{"line":18,"column":53}}]},"4":{"type":"branch","line":19,"loc":{"start":{"line":19,"column":6},"end":{"line":22,"column":5}},"locations":[{"start":{"line":19,"column":6},"end":{"line":22,"column":5}}]},"5":{"type":"branch","line":30,"loc":{"start":{"line":30,"column":7},"end":{"line":41,"column":1}},"locations":[{"start":{"line":30,"column":7},"end":{"line":41,"column":1}}]},"6":{"type":"branch","line":32,"loc":{"start":{"line":32,"column":49},"end":{"line":35,"column":9}},"locations":[{"start":{"line":32,"column":49},"end":{"line":35,"column":9}}]},"7":{"type":"branch","line":37,"loc":{"start":{"line":37,"column":6},"end":{"line":40,"column":5}},"locations":[{"start":{"line":37,"column":6},"end":{"line":40,"column":5}}]}},"b":{"0":[295],"1":[0],"2":[14],"3":[281],"4":[0],"5":[27],"6":[0],"7":[1]},"fnMap":{"0":{"name":"getStorage","decl":{"start":{"line":12,"column":7},"end":{"line":23,"column":1}},"loc":{"start":{"line":12,"column":7},"end":{"line":23,"column":1}},"line":12},"1":{"name":"setStorage","decl":{"start":{"line":30,"column":7},"end":{"line":41,"column":1}},"loc":{"start":{"line":30,"column":7},"end":{"line":41,"column":1}},"line":30},"2":{"name":"removeStorage","decl":{"start":{"line":47,"column":7},"end":{"line":56,"column":1}},"loc":{"start":{"line":47,"column":7},"end":{"line":56,"column":1}},"line":47},"3":{"name":"clearStorage","decl":{"start":{"line":62,"column":7},"end":{"line":80,"column":1}},"loc":{"start":{"line":62,"column":7},"end":{"line":80,"column":1}},"line":62}},"f":{"0":295,"1":27,"2":0,"3":0}}
}
